
[0mGET /api/v1/service/ [36m304[0m 158.700 ms - -[0m
[0mGET /api/v1/magasin/?num=4 [36m304[0m 174.816 ms - -[0m
[0mGET /api/v1/categories/ [36m304[0m 185.706 ms - -[0m
[0mGET /api/v1/magasin/?num=4 [36m304[0m 148.878 ms - -[0m
[0mGET /api/v1/categories/ [36m304[0m 149.363 ms - -[0m
[0mGET /api/v1/service/ [36m304[0m 155.811 ms - -[0m
[0mGET /api/v1/categories/ [36m304[0m 140.784 ms - -[0m
[0mGET /api/v1/categories/ [36m304[0m 172.497 ms - -[0m
[0mGET /api/v1/categories/ [36m304[0m 159.708 ms - -[0m
[0mGET /api/v1/service/ [36m304[0m 152.755 ms - -[0m
[0mGET /api/v1/magasin/?num=4 [36m304[0m 161.560 ms - -[0m
[0mGET /api/v1/service/ [36m304[0m 154.763 ms - -[0m
[0mGET /api/v1/magasin/?num=4 [36m304[0m 155.888 ms - -[0m
[0mGET /api/v1/categories/ [36m304[0m 159.349 ms - -[0m
[0mGET /api/v1/categories/ [36m304[0m 135.616 ms - -[0m
[0mGET /api/v1/categories/ [36m304[0m 144.659 ms - -[0m
[0mPOST /api/v1/auth/user/logout [33m404[0m 0.553 ms - 29[0m
[0mGET /api/v1/categories/ [36m304[0m 157.363 ms - -[0m
[0mGET /api/v1/categories/ [36m304[0m 138.483 ms - -[0m
[0mGET /api/v1/categories/ [36m304[0m 154.451 ms - -[0m
[0mGET /api/v1/service/ [36m304[0m 148.333 ms - -[0m
[0mGET /api/v1/magasin/?num=4 [36m304[0m 152.360 ms - -[0m
[0mGET /api/v1/categories/ [36m304[0m 146.185 ms - -[0m
[0mGET /api/v1/service/ [36m304[0m 150.078 ms - -[0m
[0mGET /api/v1/magasin/?num=4 [36m304[0m 167.389 ms - -[0m
[0mGET /api/v1/categories/ [36m304[0m 146.908 ms - -[0m
[0mGET /api/v1/categories/ [36m304[0m 153.004 ms - -[0m
[0mGET /api/v1/categories/ [36m304[0m 157.614 ms - -[0m
[0mGET /api/v1/categories/ [36m304[0m 147.930 ms - -[0m
[0mPOST /api/v1/boost/ [33m404[0m 198.649 ms - 32[0m
[0mPOST /api/v1/boost/ [33m404[0m 149.064 ms - 32[0m
[0mPOST /api/v1/boost/ [33m404[0m 153.794 ms - 32[0m
[0mGET /api/v1/categories/ [36m304[0m 154.140 ms - -[0m
[0mGET /api/v1/categories/ [36m304[0m 137.910 ms - -[0m
[0mPOST /api/v1/auth/user/login [32m200[0m 231.574 ms - 266[0m
[0mGET /api/v1/categories/ [36m304[0m 143.742 ms - -[0m
[0mGET /api/v1/categories/ [36m304[0m 144.553 ms - -[0m
[0mPOST /api/v1/auth/magasin/login [32m200[0m 1100.749 ms - 552[0m
[0mGET /api/v1/categories/ [32m200[0m 147.695 ms - 149[0m
[0mGET /api/v1/categories/ [36m304[0m 155.099 ms - -[0m
[0mGET /api/v1/categories/ [36m304[0m 139.763 ms - -[0m
[0mGET /api/v1/categories/ [36m304[0m 150.627 ms - -[0m
[0mGET /api/v1/categories/ [36m304[0m 146.104 ms - -[0m
[0mGET /api/v1/categories/ [36m304[0m 147.223 ms - -[0m
[0mGET /api/v1/categories/ [36m304[0m 160.961 ms - -[0m
[0mGET /api/v1/categories/ [36m304[0m 137.981 ms - -[0m
[0mGET /api/v1/categories/ [36m304[0m 140.331 ms - -[0m
[0mGET /api/v1/categories/ [36m304[0m 148.850 ms - -[0m
[0mPOST /api/v1/auth/magasin/logout [32m200[0m 5.675 ms - 24[0m
[0mGET /api/v1/magasin/?num=4 [36m304[0m 149.706 ms - -[0m
[0mGET /api/v1/categories/ [36m304[0m 157.444 ms - -[0m
[0mGET /api/v1/service/ [36m304[0m 150.995 ms - -[0m
[0mGET /api/v1/service/ [36m304[0m 157.202 ms - -[0m
[0mGET /api/v1/magasin/?num=4 [36m304[0m 162.810 ms - -[0m
[0mGET /api/v1/categories/ [36m304[0m 163.689 ms - -[0m
[0mGET /api/v1/categories/ [36m304[0m 143.387 ms - -[0m
[0mGET /api/v1/categories/ [36m304[0m 157.866 ms - -[0m
[0mPOST /api/v1/auth/magasin/signup [32m201[0m 561.046 ms - 377[0m
[0mPOST /api/v1/auth/magasin/login [32m200[0m 219.140 ms - 363[0m
[0mPOST /api/v1/subscription/trial?magasinId=65b95056cd959ac93973b6de [32m201[0m 326.962 ms - 276[0m
[0mGET /api/v1/categories/ [36m304[0m 144.474 ms - -[0m
[0mGET /api/v1/magasin/?num=4 [32m200[0m 148.143 ms - 227[0m
[0mGET /api/v1/service/ [36m304[0m 146.191 ms - -[0m
[0mGET /api/v1/categories/ [36m304[0m 130.584 ms - -[0m
[0mGET /api/v1/magasin/?num=4 [36m304[0m 137.993 ms - -[0m
[0mGET /api/v1/service/ [36m304[0m 139.729 ms - -[0m
[0mGET /api/v1/categories/ [36m304[0m 139.284 ms - -[0m
[0mGET /api/v1/categories/ [36m304[0m 160.773 ms - -[0m
[0mGET /api/v1magasins/ [33m404[0m 1.486 ms - 154[0m
[0mGET /api/v1/magasins/ [33m404[0m 0.656 ms - 155[0m
[0mGET /api/v1/magasin/ [32m200[0m 155.625 ms - 227[0m
[0mPOST /api/v1/auth/magasin/logout [32m200[0m 6.226 ms - 24[0m
[0mPOST /api/v1/auth/magasin/signup [32m201[0m 611.378 ms - 373[0m
[0mPOST /api/v1/auth/magasin/login [32m200[0m 214.319 ms - 359[0m
[0mPOST /api/v1/subscription/trial?magasinId=65b953cf7bd1d9d0aa8da368 [32m201[0m 459.113 ms - 276[0m
[0mGET /api/v1/categories/ [36m304[0m 145.338 ms - -[0m
[0mGET /api/v1/magasin/?num=4 [32m200[0m 153.892 ms - 225[0m
[0mGET /api/v1/service/ [36m304[0m 157.586 ms - -[0m
[0mGET /api/v1/categories/ [36m304[0m 136.491 ms - -[0m
[0mGET /api/v1/magasin/?num=4 [36m304[0m 135.044 ms - -[0m
[0mGET /api/v1/service/ [36m304[0m 137.447 ms - -[0m
[0mGET /api/v1/categories/ [36m304[0m 143.507 ms - -[0m
[0mGET /api/v1/categories/ [36m304[0m 149.624 ms - -[0m
[0mPOST /api/v1/auth/magasin/logout [32m200[0m 5.074 ms - 24[0m
[0mPOST /api/v1/auth/magasin/signup [32m201[0m 597.256 ms - 376[0m
[0mPOST /api/v1/auth/magasin/login [32m200[0m 212.295 ms - 362[0m
[0mPOST /api/v1/subscription/trial?magasinId=65b9572e6f937e1f3c8bf674 [32m201[0m 473.693 ms - 276[0m
[0mGET /api/v1/categories/ [36m304[0m 145.552 ms - -[0m
[0mGET /api/v1/magasin/?num=4 [32m200[0m 139.113 ms - 228[0m
[0mGET /api/v1/service/ [36m304[0m 137.901 ms - -[0m
[0mGET /api/v1/service/ [36m304[0m 148.114 ms - -[0m
[0mGET /api/v1/categories/ [36m304[0m 150.565 ms - -[0m
[0mGET /api/v1/magasin/?num=4 [36m304[0m 150.323 ms - -[0m
[0mGET /api/v1/categories/ [36m304[0m 146.521 ms - -[0m
[0mGET /api/v1/categories/ [36m304[0m 150.809 ms - -[0m
[0mPOST /api/v1/auth/magasin/logout [32m200[0m 4.977 ms - 24[0m
[0mPOST /api/v1/auth/magasin/signup [32m201[0m 582.749 ms - 373[0m
[0mPOST /api/v1/auth/magasin/login [32m200[0m 206.253 ms - 359[0m
[0mPOST /api/v1/subscription/trial?magasinId=65b957b70bbbf5b0ada3e7e8 [31m500[0m 301.575 ms - 98[0m
[0mPOST /api/v1/auth/magasin/logout [33m404[0m 2.078 ms - 29[0m
[0mPOST /api/v1/auth/magasin/logout [33m404[0m 0.651 ms - 29[0m
[0mPOST /api/v1/auth/magasin/logout [33m404[0m 0.208 ms - 29[0m
[0mPOST /api/v1/auth/magasin/logout [33m404[0m 0.895 ms - 29[0m
[0mGET /api/v1/categories/ [36m304[0m 169.422 ms - -[0m
[0mGET /api/v1/service/ [36m304[0m 162.150 ms - -[0m
[0mGET /api/v1/magasin/?num=4 [32m200[0m 169.709 ms - 175[0m
[0mGET /api/v1/categories/ [36m304[0m 143.617 ms - -[0m
[0mGET /api/v1/service/ [36m304[0m 143.835 ms - -[0m
[0mGET /api/v1/magasin/?num=4 [36m304[0m 144.223 ms - -[0m
[0mGET /api/v1/categories/ [36m304[0m 141.114 ms - -[0m
[0mGET /api/v1/categories/ [36m304[0m 768.922 ms - -[0m
[0mGET /api/v1/service/ [36m304[0m 213.398 ms - -[0m
[0mGET /api/v1/categories/ [36m304[0m 218.391 ms - -[0m
[0mGET /api/v1/magasin/?num=4 [36m304[0m 219.597 ms - -[0m
[0mGET /api/v1/categories/ [36m304[0m 209.503 ms - -[0m
[0mGET /api/v1/service/ [36m304[0m 212.041 ms - -[0m
[0mGET /api/v1/magasin/?num=4 [36m304[0m 212.175 ms - -[0m
[0mGET /api/v1/categories/ [36m304[0m 197.978 ms - -[0m
[0mGET /api/v1/categories/ [36m304[0m 182.766 ms - -[0m
[0mGET /api/v1/service/ [36m304[0m 152.968 ms - -[0m
[0mGET /api/v1/categories/ [36m304[0m 156.796 ms - -[0m
[0mGET /api/v1/magasin/?num=4 [36m304[0m 156.921 ms - -[0m
[0mGET /api/v1/service/ [36m304[0m 141.875 ms - -[0m
[0mGET /api/v1/categories/ [36m304[0m 142.062 ms - -[0m
[0mGET /api/v1/magasin/?num=4 [36m304[0m 145.480 ms - -[0m
[0mGET /api/v1/categories/ [36m304[0m 133.426 ms - -[0m
[0mGET /api/v1/categories/ [36m304[0m 134.938 ms - -[0m
[0mPOST /api/v1/auth/magasin/signup [32m201[0m 566.162 ms - 392[0m
[0mPOST /api/v1/auth/magasin/login [32m200[0m 188.659 ms - 378[0m
[0mPOST /api/v1/subscription/trial?magasinId=65b95a2b8e8dc18d1e07f3f3 [32m201[0m 302.815 ms - 276[0m
[0mGET /api/v1/categories/ [36m304[0m 143.463 ms - -[0m
[0mGET /api/v1/magasin/?num=4 [32m200[0m 144.215 ms - 225[0m
[0mGET /api/v1/service/ [36m304[0m 143.623 ms - -[0m
[0mGET /api/v1/categories/ [36m304[0m 138.178 ms - -[0m
[0mGET /api/v1/service/ [36m304[0m 134.840 ms - -[0m
[0mGET /api/v1/magasin/?num=4 [36m304[0m 138.226 ms - -[0m
[0mGET /api/v1/categories/ [36m304[0m 141.041 ms - -[0m
[0mGET /api/v1/categories/ [36m304[0m 152.756 ms - -[0m
[0mGET /api/v1/categories/ [36m304[0m 176.041 ms - -[0m
[0mGET /api/v1/magasin/?num=4 [36m304[0m 182.821 ms - -[0m
[0mGET /api/v1/service/ [36m304[0m 181.484 ms - -[0m
[0mGET /api/v1/categories/ [36m304[0m 160.125 ms - -[0m
[0mGET /api/v1/service/ [36m304[0m 157.403 ms - -[0m
[0mGET /api/v1/magasin/?num=4 [36m304[0m 164.330 ms - -[0m
[0mGET /api/v1/categories/ [36m304[0m 140.507 ms - -[0m
[0mGET /api/v1/categories/ [36m304[0m 145.292 ms - -[0m
[0mGET /api/v1/categories/ [36m304[0m 160.630 ms - -[0m
[0mGET /api/v1/categories/ [36m304[0m 134.218 ms - -[0m
[0mGET /api/v1/categories/ [36m304[0m 140.407 ms - -[0m
[0mGET /api/v1/categories/ [36m304[0m 149.327 ms - -[0m
[0mGET /api/v1/categories/ [36m304[0m 161.777 ms - -[0m
[0mGET /api/v1/categories/ [36m304[0m 446.211 ms - -[0m
[0mGET /api/v1/categories/ [36m304[0m 149.764 ms - -[0m
[0mGET /api/v1/categories/ [36m304[0m 141.708 ms - -[0m
[0mGET /api/v1/categories/ [36m304[0m 241.567 ms - -[0m
[0mGET /api/v1/categories/ [36m304[0m 309.257 ms - -[0m
[0mGET /api/v1/categories/ [36m304[0m 249.460 ms - -[0m
[0mGET /api/v1/categories/ [36m304[0m 643.678 ms - -[0m
[0mGET /api/v1/categories/ [36m304[0m 211.608 ms - -[0m
[0mGET /api/v1/categories/ [36m304[0m 197.855 ms - -[0m
[0mGET /api/v1/categories/ [36m304[0m 195.652 ms - -[0m
[0mGET /api/v1/categories/ [36m304[0m 195.410 ms - -[0m
[0mGET /api/v1/categories/ [36m304[0m 151.367 ms - -[0m
[0mGET /api/v1/categories/ [36m304[0m 151.403 ms - -[0m
[0mGET /api/v1/categories/ [36m304[0m 136.423 ms - -[0m
[0mGET /api/v1/categories/ [36m304[0m 151.696 ms - -[0m
[0mGET /api/v1/categories/ [36m304[0m 165.219 ms - -[0m
[0mGET /api/v1/categories/ [36m304[0m 153.031 ms - -[0m
[0mGET /api/v1/categories/ [36m304[0m 148.970 ms - -[0m
[0mGET /api/v1/categories/ [36m304[0m 206.338 ms - -[0m
[0mGET /api/v1/categories/ [36m304[0m 149.137 ms - -[0m
[0mGET /api/v1/categories/ [36m304[0m 140.819 ms - -[0m
[0mGET /api/v1/categories/ [36m304[0m 152.903 ms - -[0m
[0mGET /api/v1/categories/ [36m304[0m 128.986 ms - -[0m
[0mGET /api/v1/categories/ [36m304[0m 142.910 ms - -[0m
[0mGET /api/v1/service/ [36m304[0m 146.156 ms - -[0m
[0mGET /api/v1/magasin/?num=4 [36m304[0m 145.634 ms - -[0m
[0mGET /api/v1/categories/ [36m304[0m 150.056 ms - -[0m
[0mGET /api/v1/categories/ [36m304[0m 138.916 ms - -[0m
[0mGET /api/v1/magasin/?num=4 [36m304[0m 141.141 ms - -[0m
[0mGET /api/v1/categories/ [36m304[0m 137.119 ms - -[0m
[0mGET /api/v1/categories/ [36m304[0m 145.508 ms - -[0m
[0mGET /api/v1/service/ [36m304[0m 453.002 ms - -[0m
[0mGET /api/v1/categories/ [36m304[0m 145.662 ms - -[0m
[0mGET /api/v1/user/65b95a2b8e8dc18d1e07f3f3 [33m404[0m 145.440 ms - 28[0m
[0mGET /api/v1/categories/ [36m304[0m 136.158 ms - -[0m
[0mGET /api/v1/user/65b95a2b8e8dc18d1e07f3f3 [33m404[0m 135.528 ms - 28[0m
[0mGET /api/v1/categories/ [36m304[0m 149.663 ms - -[0m
[0mGET /api/v1/magasin/?num=4 [36m304[0m 149.362 ms - -[0m
[0mGET /api/v1/magasin/?num=4 [36m304[0m 140.564 ms - -[0m
[0mGET /api/v1/categories/ [36m304[0m 142.974 ms - -[0m
[0mGET /api/v1/categories/ [36m304[0m 137.069 ms - -[0m
[0mGET /api/v1/service/ [36m304[0m 432.938 ms - -[0m
[0mGET /api/v1/categories/ [36m304[0m 136.758 ms - -[0m
[0mGET /api/v1/service/ [36m304[0m 134.623 ms - -[0m
[0mGET /api/v1/service/id/undefined [31m500[0m 2.021 ms - 57[0m
[0mGET /api/v1/service/id/undefined [31m500[0m 0.657 ms - 57[0m
[0mGET /api/v1/categories/ [36m304[0m 157.261 ms - -[0m
[0mGET /api/v1/magasin/infos [33m400[0m 155.108 ms - 22[0m
[0mGET /api/v1/categories/ [36m304[0m 136.805 ms - -[0m
[0mGET /api/v1/magasin/infos [33m400[0m 135.563 ms - 22[0m
[0mGET /api/v1/magasin/services?magasinId=undefined [33m400[0m 0.580 ms - 22[0m
[0mGET /api/v1/service/id/undefined [31m500[0m 0.366 ms - 57[0m
[0mGET /api/v1/magasin/services?magasinId=undefined [33m400[0m 0.598 ms - 22[0m
[0mGET /api/v1/service/id/undefined [31m500[0m 0.366 ms - 57[0m
[0mGET /api/v1/categories/ [36m304[0m 139.666 ms - -[0m
[0mGET /api/v1/categories/ [36m304[0m 144.829 ms - -[0m
[0mGET /api/v1/categories/ [36m304[0m 148.086 ms - -[0m
[0mGET /api/v1/service/ [36m304[0m 146.353 ms - -[0m
[0mGET /api/v1/magasin/?num=4 [36m304[0m 149.645 ms - -[0m
[0mGET /api/v1/magasin/?num=4 [36m304[0m 143.916 ms - -[0m
[0mGET /api/v1/categories/ [36m304[0m 147.626 ms - -[0m
[0mGET /api/v1/service/ [36m304[0m 147.496 ms - -[0m
[0mGET /api/v1/categories/ [36m304[0m 137.358 ms - -[0m
[0mGET /api/v1/categories/ [36m304[0m 141.022 ms - -[0m
[0mGET /api/v1/service/ [36m304[0m 138.917 ms - -[0m
[0mGET /api/v1/categories/ [36m304[0m 141.254 ms - -[0m
[0mGET /api/v1/magasin/?num=4 [36m304[0m 141.874 ms - -[0m
[0mGET /api/v1/categories/ [36m304[0m 137.898 ms - -[0m
[0mGET /api/v1/service/ [36m304[0m 140.740 ms - -[0m
[0mGET /api/v1/magasin/?num=4 [36m304[0m 140.548 ms - -[0m
[0mGET /api/v1/categories/ [36m304[0m 127.514 ms - -[0m
[0mGET /api/v1/categories/ [36m304[0m 152.101 ms - -[0m
[0mPOST /api/v1/auth/user/login [32m200[0m 217.465 ms - 266[0m
[0mGET /api/v1/categories/ [36m304[0m 148.013 ms - -[0m
[0mGET /api/v1/service/ [36m304[0m 138.978 ms - -[0m
[0mGET /api/v1/magasin/?num=4 [36m304[0m 142.552 ms - -[0m
[0mGET /api/v1/categories/ [36m304[0m 147.087 ms - -[0m
[0mGET /api/v1/magasin/?num=4 [36m304[0m 145.041 ms - -[0m
[0mGET /api/v1/service/ [36m304[0m 156.494 ms - -[0m
[0mGET /api/v1/categories/ [36m304[0m 142.717 ms - -[0m
[0mGET /api/v1/categories/ [36m304[0m 138.149 ms - -[0m
[0mGET /api/v1/categories/ [36m304[0m 155.472 ms - -[0m
[0mGET /api/v1/user/6587163be66d3f90a05e699a [32m200[0m 155.016 ms - 157[0m
[0mGET /api/v1/user/6587163be66d3f90a05e699a [36m304[0m 146.653 ms - -[0m
[0mGET /api/v1/categories/ [36m304[0m 148.208 ms - -[0m
[0mPOST /api/v1/auth/user/login [32m200[0m 207.655 ms - 266[0m
[0mGET /api/v1/categories/ [36m304[0m 157.956 ms - -[0m
[0mGET /api/v1/service/ [36m304[0m 155.799 ms - -[0m
[0mGET /api/v1/magasin/?num=4 [36m304[0m 157.999 ms - -[0m
[0mGET /api/v1/categories/ [36m304[0m 209.567 ms - -[0m
[0mGET /api/v1/service/ [36m304[0m 209.133 ms - -[0m
[0mGET /api/v1/magasin/?num=4 [36m304[0m 209.914 ms - -[0m
[0mGET /api/v1/categories/ [36m304[0m 137.498 ms - -[0m
[0mGET /api/v1/categories/ [36m304[0m 132.785 ms - -[0m
[0mGET /api/v1/user/6587163be66d3f90a05e699a [36m304[0m 138.927 ms - -[0m
[0mGET /api/v1/categories/ [36m304[0m 145.386 ms - -[0m
[0mGET /api/v1/user/6587163be66d3f90a05e699a [36m304[0m 150.273 ms - -[0m
[0mGET /api/v1/categories/ [36m304[0m 150.052 ms - -[0m
[0mGET /api/v1/categories/ [36m304[0m 140.067 ms - -[0m
[0mGET /api/v1/user/6587163be66d3f90a05e699a [36m304[0m 139.649 ms - -[0m
[0mGET /api/v1/user/6587163be66d3f90a05e699a [36m304[0m 137.235 ms - -[0m
[0mGET /api/v1/categories/ [36m304[0m 138.578 ms - -[0m
[0mGET /api/v1/service/ [36m304[0m 145.929 ms - -[0m
[0mGET /api/v1/categories/ [36m304[0m 154.240 ms - -[0m
[0mGET /api/v1/magasin/?num=4 [36m304[0m 149.502 ms - -[0m
[0mGET /api/v1/magasin/?num=4 [36m304[0m 134.147 ms - -[0m
[0mGET /api/v1/service/ [36m304[0m 136.965 ms - -[0m
[0mGET /api/v1/categories/ [36m304[0m 136.509 ms - -[0m
[0mGET /api/v1/categories/ [36m304[0m 131.720 ms - -[0m
[0mGET /api/v1/categories/ [36m304[0m 137.303 ms - -[0m
[0mPOST /api/v1/auth/user/logout [32m200[0m 3.221 ms - 24[0m
[0mGET /api/v1/categories/ [32m200[0m 153.549 ms - 149[0m
[0mGET /api/v1/magasin/?num=4 [32m200[0m 164.426 ms - 274[0m
[0mGET /api/v1/service/ [32m200[0m 166.484 ms - 1736[0m
[0mGET /api/v1/magasin/?num=4 [36m304[0m 145.601 ms - -[0m
[0mGET /api/v1/service/ [36m304[0m 144.430 ms - -[0m
[0mGET /api/v1/categories/ [36m304[0m 154.405 ms - -[0m
[0mGET /api/v1/categories/ [36m304[0m 153.970 ms - -[0m
[0mGET /api/v1/categories/ [36m304[0m 155.427 ms - -[0m
[0mGET /api/v1/service/id/undefined [31m500[0m 6.503 ms - 57[0m
[0mGET /api/v1/service/id/undefined [31m500[0m 2.542 ms - 57[0m
[0mGET /api/v1/categories/ [36m304[0m 147.269 ms - -[0m
[0mGET /api/v1/magasin/infos [33m400[0m 135.678 ms - 22[0m
[0mGET /api/v1/magasin/infos [33m400[0m 138.021 ms - 22[0m
[0mGET /api/v1/categories/ [36m304[0m 147.120 ms - -[0m
[0mPOST /api/v1/auth/user/login [32m200[0m 222.396 ms - 266[0m
[0mGET /api/v1/categories/ [36m304[0m 143.468 ms - -[0m
[0mGET /api/v1/magasin/?num=4 [36m304[0m 137.497 ms - -[0m
[0mGET /api/v1/service/ [36m304[0m 135.726 ms - -[0m
[0mGET /api/v1/categories/ [36m304[0m 134.483 ms - -[0m
[0mGET /api/v1/magasin/?num=4 [36m304[0m 134.266 ms - -[0m
[0mGET /api/v1/service/ [36m304[0m 134.557 ms - -[0m
[0mGET /api/v1/categories/ [36m304[0m 140.868 ms - -[0m
[0mGET /api/v1/categories/ [36m304[0m 157.858 ms - -[0m
[0mGET /api/v1/service/id/undefined [31m500[0m 0.990 ms - 57[0m
[0mGET /api/v1/service/id/undefined [31m500[0m 0.717 ms - 57[0m
[0mGET /api/v1/categories/ [36m304[0m 145.525 ms - -[0m
[0mGET /api/v1/magasin/infos [33m400[0m 141.559 ms - 22[0m
[0mGET /api/v1/categories/ [36m304[0m 133.584 ms - -[0m
[0mGET /api/v1/magasin/infos [33m400[0m 133.448 ms - 22[0m
[0mGET /api/v1/categories/ [36m304[0m 172.777 ms - -[0m
[0mGET /api/v1/magasin/?num=4 [36m304[0m 172.771 ms - -[0m
[0mGET /api/v1/service/ [36m304[0m 172.651 ms - -[0m
[0mGET /api/v1/categories/ [36m304[0m 142.147 ms - -[0m
[0mGET /api/v1/service/ [36m304[0m 141.253 ms - -[0m
[0mGET /api/v1/magasin/?num=4 [36m304[0m 143.916 ms - -[0m
[0mGET /api/v1/categories/ [36m304[0m 135.327 ms - -[0m
[0mGET /api/v1/categories/ [36m304[0m 138.189 ms - -[0m
[0mGET /api/v1/categories/ [36m304[0m 129.042 ms - -[0m
[0mGET /api/v1/categories/ [36m304[0m 146.011 ms - -[0m
[0mGET /api/v1/categories/ [36m304[0m 146.859 ms - -[0m
[0mGET /api/v1/categories/ [36m304[0m 139.211 ms - -[0m
[0mGET /api/v1/categories/ [36m304[0m 150.109 ms - -[0m
[0mGET /api/v1/magasin/?num=4 [36m304[0m 148.575 ms - -[0m
[0mGET /api/v1/service/ [36m304[0m 141.561 ms - -[0m
[0mGET /api/v1/categories/ [36m304[0m 136.089 ms - -[0m
[0mGET /api/v1/magasin/?num=4 [36m304[0m 140.453 ms - -[0m
[0mGET /api/v1/service/ [36m304[0m 144.401 ms - -[0m
[0mGET /api/v1/categories/ [36m304[0m 155.882 ms - -[0m
[0mGET /api/v1/categories/ [36m304[0m 130.488 ms - -[0m
[0mPOST /api/v1/auth/user/login [32m200[0m 217.711 ms - 266[0m
[0mGET /api/v1/categories/ [36m304[0m 137.594 ms - -[0m
[0mGET /api/v1/categories/ [36m304[0m 140.151 ms - -[0m
[0mGET /api/v1/categories/ [36m304[0m 152.009 ms - -[0m
[0mGET /api/v1/categories/ [36m304[0m 153.942 ms - -[0m
[0mPOST /api/v1/auth/user/logout [32m200[0m 4.043 ms - 24[0m
[0mGET /api/v1/categories/ [36m304[0m 188.647 ms - -[0m
[0mGET /api/v1/magasin/?num=4 [36m304[0m 252.731 ms - -[0m
[0mGET /api/v1/service/ [36m304[0m 238.816 ms - -[0m
[0mGET /api/v1/categories/ [36m304[0m 167.458 ms - -[0m
[0mGET /api/v1/service/ [36m304[0m 174.211 ms - -[0m
[0mGET /api/v1/magasin/?num=4 [36m304[0m 193.821 ms - -[0m
[0mGET /api/v1/categories/ [36m304[0m 172.075 ms - -[0m
[0mGET /api/v1/service/ [36m304[0m 179.118 ms - -[0m
[0mGET /api/v1/magasin/?num=4 [36m304[0m 181.484 ms - -[0m
[0mGET /api/v1/categories/ [36m304[0m 166.336 ms - -[0m
[0mGET /api/v1/categories/ [36m304[0m 166.514 ms - -[0m
[0mGET /api/v1/categories/ [36m304[0m 193.158 ms - -[0m
[0mGET /api/v1/categories/ [36m304[0m 196.982 ms - -[0m
[0mGET /api/v1/categories/ [36m304[0m 217.135 ms - -[0m
[0mGET /api/v1/categories/ [36m304[0m 215.868 ms - -[0m
[0mGET /api/v1/service/ [36m304[0m 181.500 ms - -[0m
[0mGET /api/v1/categories/ [36m304[0m 202.606 ms - -[0m
[0mGET /api/v1/magasin/?num=4 [36m304[0m 223.578 ms - -[0m
[0mGET /api/v1/service/ [36m304[0m 177.738 ms - -[0m
[0mGET /api/v1/categories/ [36m304[0m 213.247 ms - -[0m
[0mGET /api/v1/magasin/?num=4 [36m304[0m 227.236 ms - -[0m
[0mGET /api/v1/categories/ [36m304[0m 218.996 ms - -[0m
[0mGET /api/v1/categories/ [36m304[0m 213.740 ms - -[0m
[0mGET /api/v1/magasin/infos [33m400[0m 220.337 ms - 22[0m
[0mGET /api/v1/categories/ [36m304[0m 249.181 ms - -[0m
[0mGET /api/v1/service/id/6588a5307dcafb7576404b57 [32m200[0m 265.359 ms - 116[0m
[0mGET /api/v1/magasin/infos [33m400[0m 221.129 ms - 22[0m
[0mGET /api/v1/categories/ [36m304[0m 246.981 ms - -[0m
[0mGET /api/v1/service/id/6588a5307dcafb7576404b57 [36m304[0m 237.490 ms - -[0m
[0mGET /api/v1/magasin/infos?magasinId=658825fa7dcafb7576404b1b [32m201[0m 224.550 ms - 140[0m
[0mGET /api/v1/categories/ [36m304[0m 708.489 ms - -[0m
[0mGET /api/v1/service/id/6588a5307dcafb7576404b57 [36m304[0m 714.933 ms - -[0m
[0mGET /api/v1/magasin/services?magasinId=658825fa7dcafb7576404b1b [32m201[0m 934.549 ms - 118[0m
[0mGET /api/v1/categories/ [36m304[0m 287.023 ms - -[0m
[0mGET /api/v1/service/id/6588a5307dcafb7576404b57 [36m304[0m 328.321 ms - -[0m
[0mGET /api/v1/magasin/services?magasinId=658825fa7dcafb7576404b1b [32m201[0m 491.435 ms - 118[0m
[0mGET /api/v1/magasin/services?magasinId=658825fa7dcafb7576404b1b [32m201[0m 413.531 ms - 118[0m
[0mGET /api/v1/magasin/services?magasinId=658825fa7dcafb7576404b1b [32m201[0m 344.006 ms - 118[0m
[0mGET /api/v1/service/id/6588a5307dcafb7576404b57 [36m304[0m 174.797 ms - -[0m
[0mGET /api/v1/magasin/services?magasinId=658825fa7dcafb7576404b1b [32m201[0m 406.043 ms - 118[0m
[0mGET /api/v1/magasin/services?magasinId=658825fa7dcafb7576404b1b [32m201[0m 426.783 ms - 118[0m
[0mGET /api/v1/service/id/6588a5307dcafb7576404b57 [36m304[0m 214.810 ms - -[0m
[0mGET /api/v1/magasin/services?magasinId=658825fa7dcafb7576404b1b [32m201[0m 352.118 ms - 118[0m
[0mGET /api/v1/magasin/services?magasinId=658825fa7dcafb7576404b1b [32m201[0m 343.975 ms - 118[0m
[0mGET /api/v1/categories/ [36m304[0m 179.438 ms - -[0m
[0mGET /api/v1/service/id/6588a5307dcafb7576404b57 [36m304[0m 224.729 ms - -[0m
[0mGET /api/v1/magasin/infos [33m400[0m 226.382 ms - 22[0m
[0mGET /api/v1/categories/ [36m304[0m 175.523 ms - -[0m
[0mGET /api/v1/magasin/infos [33m400[0m 208.877 ms - 22[0m
[0mGET /api/v1/service/id/6588a5307dcafb7576404b57 [36m304[0m 674.434 ms - -[0m
[0mGET /api/v1/service/ [36m304[0m 198.666 ms - -[0m
[0mGET /api/v1/categories/ [36m304[0m 211.910 ms - -[0m
[0mGET /api/v1/magasin/?num=4 [36m304[0m 227.167 ms - -[0m
[0mGET /api/v1/categories/ [36m304[0m 184.222 ms - -[0m
[0mGET /api/v1/service/ [36m304[0m 208.286 ms - -[0m
[0mGET /api/v1/magasin/?num=4 [36m304[0m 232.654 ms - -[0m
[0mGET /api/v1/categories/ [0m-[0m - ms - -[0m
[0mGET /api/v1/categories/ [32m200[0m 180.265 ms - 149[0m
[0mGET /api/v1/categories/ [36m304[0m 194.065 ms - -[0m
[0mGET /api/v1/service/ [36m304[0m 247.841 ms - -[0m
[0mGET /api/v1/magasin/?num=4 [36m304[0m 256.068 ms - -[0m
[0mGET /api/v1/categories/ [36m304[0m 207.523 ms - -[0m
[0mGET /api/v1/service/ [36m304[0m 260.509 ms - -[0m
[0mGET /api/v1/magasin/?num=4 [36m304[0m 271.290 ms - -[0m
[0mGET /api/v1/categories/ [36m304[0m 228.059 ms - -[0m
[0mGET /api/v1/categories/ [36m304[0m 232.978 ms - -[0m
[0mGET /api/v1/service/id/6588a5307dcafb7576404b57 [36m304[0m 267.611 ms - -[0m
[0mGET /api/v1/magasin/infos [33m400[0m 279.835 ms - 22[0m
[0mGET /api/v1/categories/ [36m304[0m 326.355 ms - -[0m
[0mGET /api/v1/magasin/infos [33m400[0m 330.639 ms - 22[0m
[0mGET /api/v1/categories/ [36m304[0m 327.230 ms - -[0m
[0mGET /api/v1/service/id/6588a5307dcafb7576404b57 [36m304[0m 911.268 ms - -[0m
[0mGET /api/v1/categories/ [36m304[0m 329.212 ms - -[0m
[0mGET /api/v1/service/id/6588a5307dcafb7576404b57 [36m304[0m 356.614 ms - -[0m
[0mGET /api/v1/categories/ [36m304[0m 290.144 ms - -[0m
[0mGET /api/v1/magasin/services?magasinId=658825fa7dcafb7576404b1b [32m201[0m 726.255 ms - 118[0m
[0mGET /api/v1/service/id/6588a5307dcafb7576404b57 [36m304[0m 265.760 ms - -[0m
[0mGET /api/v1/magasin/services?magasinId=658825fa7dcafb7576404b1b [32m201[0m 746.316 ms - 118[0m
[0mGET /api/v1/magasin/services?magasinId=658825fa7dcafb7576404b1b [32m201[0m 421.359 ms - 118[0m
[0mGET /api/v1/service/id/6588a5307dcafb7576404b57 [36m304[0m 173.918 ms - -[0m
[0mGET /api/v1/categories/ [36m304[0m 199.648 ms - -[0m
[0mGET /api/v1/service/id/6588a5307dcafb7576404b57 [36m304[0m 171.866 ms - -[0m
[0mGET /api/v1/categories/ [36m304[0m 219.512 ms - -[0m
[0mGET /api/v1/magasin/services?magasinId=658825fa7dcafb7576404b1b [32m201[0m 426.760 ms - 118[0m
[0mGET /api/v1/magasin/services?magasinId=658825fa7dcafb7576404b1b [32m201[0m 403.196 ms - 118[0m
[0mGET /api/v1/magasin/services?magasinId=658825fa7dcafb7576404b1b [32m201[0m 423.090 ms - 118[0m
[0mGET /api/v1/magasin/services?magasinId=658825fa7dcafb7576404b1b [32m201[0m 421.300 ms - 118[0m
[0mGET /api/v1/service/id/6588a5307dcafb7576404b57 [36m304[0m 233.198 ms - -[0m
[0mGET /api/v1/magasin/services?magasinId=658825fa7dcafb7576404b1b [32m201[0m 534.471 ms - 118[0m
[0mGET /api/v1/magasin/services?magasinId=658825fa7dcafb7576404b1b [32m201[0m 714.819 ms - 118[0m
[0mGET /api/v1/service/id/6588a5307dcafb7576404b57 [36m304[0m 701.551 ms - -[0m
[0mGET /api/v1/magasin/services?magasinId=658825fa7dcafb7576404b1b [32m201[0m 1042.040 ms - 118[0m
[0mGET /api/v1/service/id/6588a5307dcafb7576404b57 [36m304[0m 221.656 ms - -[0m
[0mGET /api/v1/magasin/services?magasinId=658825fa7dcafb7576404b1b [32m201[0m 772.640 ms - 118[0m
[0mGET /api/v1/magasin/services?magasinId=658825fa7dcafb7576404b1b [32m201[0m 508.482 ms - 118[0m
[0mGET /api/v1/magasin/services?magasinId=658825fa7dcafb7576404b1b [32m201[0m 522.813 ms - 118[0m
[0mGET /api/v1/magasin/services?magasinId=658825fa7dcafb7576404b1b [32m201[0m 626.772 ms - 118[0m
[0mGET /api/v1/magasin/services?magasinId=658825fa7dcafb7576404b1b [32m201[0m 9559.160 ms - 118[0m
[0mGET /api/v1/service/id/6588a5307dcafb7576404b57 [36m304[0m 4348.409 ms - -[0m
[0mGET /api/v1/magasin/services?magasinId=658825fa7dcafb7576404b1b [32m201[0m 8626.728 ms - 118[0m
[0mGET /api/v1/service/id/6588a5307dcafb7576404b57 [36m304[0m 3978.233 ms - -[0m
[0mGET /api/v1/service/id/6588a5307dcafb7576404b57 [36m304[0m 3534.139 ms - -[0m
[0mGET /api/v1/magasin/services?magasinId=658825fa7dcafb7576404b1b [32m201[0m 7356.090 ms - 118[0m
[0mGET /api/v1/service/id/6588a5307dcafb7576404b57 [36m304[0m 3779.579 ms - -[0m
[0mGET /api/v1/service/id/6588a5307dcafb7576404b57 [36m304[0m 3275.110 ms - -[0m
[0mGET /api/v1/magasin/services?magasinId=658825fa7dcafb7576404b1b [32m201[0m 7149.821 ms - 118[0m
[0mGET /api/v1/service/id/6588a5307dcafb7576404b57 [36m304[0m 3580.657 ms - -[0m
[0mGET /api/v1/magasin/services?magasinId=658825fa7dcafb7576404b1b [32m201[0m 7819.395 ms - 118[0m
[0mGET /api/v1/service/id/6588a5307dcafb7576404b57 [36m304[0m 4704.281 ms - -[0m
[0mGET /api/v1/magasin/services?magasinId=658825fa7dcafb7576404b1b [32m201[0m 9214.426 ms - 118[0m
[0mGET /api/v1/magasin/services?magasinId=658825fa7dcafb7576404b1b [32m201[0m 8520.083 ms - 118[0m
[0mGET /api/v1/magasin/services?magasinId=658825fa7dcafb7576404b1b [32m201[0m 7825.687 ms - 118[0m
[0mGET /api/v1/magasin/services?magasinId=658825fa7dcafb7576404b1b [32m201[0m 8268.606 ms - 118[0m
[0mGET /api/v1/magasin/services?magasinId=658825fa7dcafb7576404b1b [32m201[0m 7527.528 ms - 118[0m
[0mGET /api/v1/magasin/services?magasinId=658825fa7dcafb7576404b1b [32m201[0m 7378.980 ms - 118[0m
[0mGET /api/v1/magasin/services?magasinId=658825fa7dcafb7576404b1b [32m201[0m 6700.361 ms - 118[0m
[0mGET /api/v1/magasin/services?magasinId=658825fa7dcafb7576404b1b [32m201[0m 5474.769 ms - 118[0m
[0mGET /api/v1/magasin/services?magasinId=658825fa7dcafb7576404b1b [32m201[0m 5221.196 ms - 118[0m
[0mGET /api/v1/magasin/services?magasinId=658825fa7dcafb7576404b1b [32m201[0m 5933.387 ms - 118[0m
[0mGET /api/v1/magasin/services?magasinId=658825fa7dcafb7576404b1b [32m201[0m 30652.688 ms - 118[0m
[0mGET /api/v1/service/id/6588a5307dcafb7576404b57 [36m304[0m 3528.997 ms - -[0m
[0mGET /api/v1/magasin/services?magasinId=658825fa7dcafb7576404b1b [32m201[0m 9832.269 ms - 118[0m
[0mGET /api/v1/magasin/services?magasinId=658825fa7dcafb7576404b1b [32m201[0m 8908.978 ms - 118[0m
[0mGET /api/v1/magasin/services?magasinId=658825fa7dcafb7576404b1b [32m201[0m 6492.426 ms - 118[0m
[0mGET /api/v1/service/id/6588a5307dcafb7576404b57 [36m304[0m 2771.822 ms - -[0m
[0mGET /api/v1/magasin/services?magasinId=658825fa7dcafb7576404b1b [32m201[0m 5786.547 ms - 118[0m
[0mGET /api/v1/service/id/6588a5307dcafb7576404b57 [36m304[0m 3044.426 ms - -[0m
[0mGET /api/v1/magasin/services?magasinId=658825fa7dcafb7576404b1b [0m-[0m - ms - -[0m
[0mGET /api/v1/magasin/services?magasinId=658825fa7dcafb7576404b1b [0m-[0m - ms - -[0m
[0mGET /api/v1/magasin/services?magasinId=658825fa7dcafb7576404b1b [33m400[0m 45228.255 ms - 22[0m
[0mGET /api/v1/categories/ [32m200[0m 314.412 ms - 149[0m
[0mGET /api/v1/magasin/?num=4 [36m304[0m 280.615 ms - -[0m
[0mGET /api/v1/service/ [36m304[0m 247.670 ms - -[0m
[0mGET /api/v1/categories/ [36m304[0m 164.239 ms - -[0m
[0mGET /api/v1/service/ [36m304[0m 173.531 ms - -[0m
[0mGET /api/v1/magasin/?num=4 [36m304[0m 245.061 ms - -[0m
[0mGET /api/v1/categories/ [36m304[0m 187.843 ms - -[0m
[0mGET /api/v1/categories/ [36m304[0m 214.423 ms - -[0m
[0mGET /api/v1/categories/ [36m304[0m 208.637 ms - -[0m
[0mGET /api/v1/magasin/infos [33m400[0m 199.838 ms - 22[0m
[0mGET /api/v1/service/id/6588a5307dcafb7576404b57 [36m304[0m 306.289 ms - -[0m
[0mGET /api/v1/categories/ [36m304[0m 165.907 ms - -[0m
[0mGET /api/v1/magasin/infos [33m400[0m 166.669 ms - 22[0m
[0mGET /api/v1/service/id/6588a5307dcafb7576404b57 [36m304[0m 747.552 ms - -[0m
[0mGET /api/v1/magasin/infos?magasinId=658825fa7dcafb7576404b1b [32m201[0m 1200.816 ms - 140[0m
[0mGET /api/v1/categories/ [36m304[0m 215.271 ms - -[0m
[0mGET /api/v1/service/id/6588a5307dcafb7576404b57 [36m304[0m 227.036 ms - -[0m
[0mGET /api/v1/magasin/services?magasinId=658825fa7dcafb7576404b1b [32m201[0m 413.932 ms - 118[0m
[0mGET /api/v1/categories/ [36m304[0m 199.823 ms - -[0m
[0mGET /api/v1/magasin/services?magasinId=658825fa7dcafb7576404b1b [32m201[0m 404.506 ms - 118[0m
[0mGET /api/v1/service/id/6588a5307dcafb7576404b57 [36m304[0m 722.805 ms - -[0m
[0mGET /api/v1/magasin/services?magasinId=658825fa7dcafb7576404b1b [32m201[0m 362.051 ms - 118[0m
[0mGET /api/v1/magasin/services?magasinId=658825fa7dcafb7576404b1b [32m201[0m 349.423 ms - 118[0m
[0mGET /api/v1/magasin/services?magasinId=658825fa7dcafb7576404b1b [32m201[0m 370.599 ms - 118[0m
[0mGET /api/v1/magasin/services?magasinId=658825fa7dcafb7576404b1b [32m201[0m 412.950 ms - 118[0m
[0mGET /api/v1/magasin/services?magasinId=658825fa7dcafb7576404b1b [32m201[0m 379.730 ms - 118[0m
[0mGET /api/v1/categories/ [36m304[0m 180.174 ms - -[0m
[0mGET /api/v1/service/ [36m304[0m 168.305 ms - -[0m
[0mGET /api/v1/magasin/?num=4 [36m304[0m 221.995 ms - -[0m
[0mGET /api/v1/service/ [36m304[0m 225.437 ms - -[0m
[0mGET /api/v1/categories/ [36m304[0m 275.517 ms - -[0m
[0mGET /api/v1/magasin/?num=4 [36m304[0m 242.157 ms - -[0m
[0mGET /api/v1/service/id/6588a5307dcafb7576404b57 [36m304[0m 167.322 ms - -[0m
[0mGET /api/v1/categories/ [36m304[0m 163.832 ms - -[0m
[0mGET /api/v1/magasin/services?magasinId=658825fa7dcafb7576404b1b [32m201[0m 431.751 ms - 118[0m
[0mGET /api/v1/service/id/6588a5307dcafb7576404b57 [36m304[0m 209.402 ms - -[0m
[0mGET /api/v1/categories/ [36m304[0m 160.053 ms - -[0m
[0mGET /api/v1/magasin/services?magasinId=658825fa7dcafb7576404b1b [32m201[0m 349.396 ms - 118[0m
[0mGET /api/v1/categories/ [36m304[0m 187.328 ms - -[0m
[0mGET /api/v1/magasin/services?magasinId=658825fa7dcafb7576404b1b [32m201[0m 426.303 ms - 118[0m
[0mGET /api/v1/categories/ [36m304[0m 160.004 ms - -[0m
[0mGET /api/v1/magasin/services?magasinId=658825fa7dcafb7576404b1b [32m201[0m 327.096 ms - 118[0m
[0mGET /api/v1/magasin/services?magasinId=658825fa7dcafb7576404b1b [32m201[0m 472.051 ms - 118[0m
[0mGET /api/v1/magasin/services?magasinId=658825fa7dcafb7576404b1b [32m201[0m 326.023 ms - 118[0m
[0mGET /api/v1/service/id/6588a5307dcafb7576404b57 [36m304[0m 168.142 ms - -[0m
[0mGET /api/v1/magasin/services?magasinId=658825fa7dcafb7576404b1b [32m201[0m 328.120 ms - 118[0m
[0mGET /api/v1/magasin/services?magasinId=658825fa7dcafb7576404b1b [32m201[0m 1045.905 ms - 118[0m
[0mGET /api/v1/service/id/6588a5307dcafb7576404b57 [36m304[0m 164.909 ms - -[0m
[0mGET /api/v1/magasin/services?magasinId=658825fa7dcafb7576404b1b [32m201[0m 338.979 ms - 118[0m
[0mGET /api/v1/magasin/services?magasinId=658825fa7dcafb7576404b1b [32m201[0m 365.405 ms - 118[0m
[0mGET /api/v1/service/id/6588a5307dcafb7576404b57 [36m304[0m 251.261 ms - -[0m
[0mGET /api/v1/magasin/services?magasinId=658825fa7dcafb7576404b1b [32m201[0m 645.021 ms - 118[0m
[0mGET /api/v1/service/id/6588a5307dcafb7576404b57 [36m304[0m 161.112 ms - -[0m
[0mGET /api/v1/magasin/services?magasinId=658825fa7dcafb7576404b1b [32m201[0m 559.264 ms - 118[0m
[0mGET /api/v1/service/id/6588a5307dcafb7576404b57 [36m304[0m 204.359 ms - -[0m
[0mGET /api/v1/magasin/services?magasinId=658825fa7dcafb7576404b1b [32m201[0m 345.940 ms - 118[0m
[0mGET /api/v1/magasin/services?magasinId=658825fa7dcafb7576404b1b [32m201[0m 419.779 ms - 118[0m
[0mGET /api/v1/magasin/services?magasinId=658825fa7dcafb7576404b1b [32m201[0m 344.981 ms - 118[0m
[0mGET /api/v1/service/id/6588a5307dcafb7576404b57 [36m304[0m 165.932 ms - -[0m
[0mGET /api/v1/magasin/services?magasinId=658825fa7dcafb7576404b1b [32m201[0m 335.540 ms - 118[0m
[0mGET /api/v1/magasin/services?magasinId=658825fa7dcafb7576404b1b [32m201[0m 321.887 ms - 118[0m
[0mGET /api/v1/magasin/services?magasinId=658825fa7dcafb7576404b1b [32m201[0m 319.608 ms - 118[0m
[0mGET /api/v1/service/id/6588a5307dcafb7576404b57 [36m304[0m 163.394 ms - -[0m
[0mGET /api/v1/magasin/services?magasinId=658825fa7dcafb7576404b1b [32m201[0m 325.785 ms - 118[0m
[0mGET /api/v1/service/id/6588a5307dcafb7576404b57 [36m304[0m 163.174 ms - -[0m
[0mGET /api/v1/magasin/services?magasinId=658825fa7dcafb7576404b1b [32m201[0m 369.033 ms - 118[0m
[0mGET /api/v1/service/id/6588a5307dcafb7576404b57 [36m304[0m 162.756 ms - -[0m
[0mGET /api/v1/magasin/services?magasinId=658825fa7dcafb7576404b1b [32m201[0m 336.022 ms - 118[0m
[0mGET /api/v1/magasin/services?magasinId=658825fa7dcafb7576404b1b [32m201[0m 327.616 ms - 118[0m
[0mGET /api/v1/magasin/services?magasinId=658825fa7dcafb7576404b1b [32m201[0m 325.726 ms - 118[0m
[0mGET /api/v1/magasin/services?magasinId=658825fa7dcafb7576404b1b [32m201[0m 444.044 ms - 118[0m
[0mGET /api/v1/service/id/6588a5307dcafb7576404b57 [36m304[0m 192.760 ms - -[0m
[0mGET /api/v1/magasin/services?magasinId=658825fa7dcafb7576404b1b [32m201[0m 355.857 ms - 118[0m
[0mGET /api/v1/magasin/services?magasinId=658825fa7dcafb7576404b1b [32m201[0m 324.505 ms - 118[0m
[0mGET /api/v1/service/id/6588a5307dcafb7576404b57 [36m304[0m 158.767 ms - -[0m
[0mGET /api/v1/magasin/services?magasinId=658825fa7dcafb7576404b1b [32m201[0m 328.579 ms - 118[0m
[0mGET /api/v1/magasin/services?magasinId=658825fa7dcafb7576404b1b [32m201[0m 328.314 ms - 118[0m
[0mGET /api/v1/service/id/6588a5307dcafb7576404b57 [36m304[0m 170.301 ms - -[0m
[0mGET /api/v1/magasin/services?magasinId=658825fa7dcafb7576404b1b [32m201[0m 332.000 ms - 118[0m
[0mGET /api/v1/service/id/6588a5307dcafb7576404b57 [36m304[0m 160.510 ms - -[0m
[0mGET /api/v1/magasin/services?magasinId=658825fa7dcafb7576404b1b [32m201[0m 346.234 ms - 118[0m
[0mGET /api/v1/service/id/6588a5307dcafb7576404b57 [36m304[0m 169.064 ms - -[0m
[0mGET /api/v1/magasin/services?magasinId=658825fa7dcafb7576404b1b [32m201[0m 339.841 ms - 118[0m
[0mGET /api/v1/service/id/6588a5307dcafb7576404b57 [36m304[0m 202.589 ms - -[0m
[0mGET /api/v1/magasin/services?magasinId=658825fa7dcafb7576404b1b [32m201[0m 447.501 ms - 118[0m
[0mGET /api/v1/magasin/services?magasinId=658825fa7dcafb7576404b1b [32m201[0m 326.502 ms - 118[0m
[0mGET /api/v1/magasin/services?magasinId=658825fa7dcafb7576404b1b [32m201[0m 330.530 ms - 118[0m
[0mGET /api/v1/magasin/services?magasinId=658825fa7dcafb7576404b1b [32m201[0m 323.270 ms - 118[0m
[0mGET /api/v1/magasin/services?magasinId=658825fa7dcafb7576404b1b [32m201[0m 320.884 ms - 118[0m
[0mGET /api/v1/magasin/services?magasinId=658825fa7dcafb7576404b1b [32m201[0m 397.481 ms - 118[0m
[0mGET /api/v1/magasin/services?magasinId=658825fa7dcafb7576404b1b [32m201[0m 335.747 ms - 118[0m
[0mGET /api/v1/magasin/services?magasinId=658825fa7dcafb7576404b1b [32m201[0m 323.004 ms - 118[0m
[0mGET /api/v1/magasin/services?magasinId=658825fa7dcafb7576404b1b [32m201[0m 323.557 ms - 118[0m
[0mPOST /api/v1/auth/user/logout [32m200[0m 11.255 ms - 24[0m
[0mGET /api/v1/categories/ [36m304[0m 251.106 ms - -[0m
[0mGET /api/v1/magasin/?num=4 [36m304[0m 252.825 ms - -[0m
[0mGET /api/v1/service/ [36m304[0m 260.826 ms - -[0m
[0mGET /api/v1/categories/ [36m304[0m 167.088 ms - -[0m
[0mGET /api/v1/magasin/?num=4 [36m304[0m 178.854 ms - -[0m
[0mGET /api/v1/service/ [36m304[0m 182.994 ms - -[0m
[0mGET /api/v1/categories/ [36m304[0m 245.459 ms - -[0m
[0mGET /api/v1/categories/ [36m304[0m 375.898 ms - -[0m
[0mPOST /api/v1/auth/magasin/login [33m400[0m 286.226 ms - 38[0m
[0mPOST /api/v1/auth/magasin/login [32m200[0m 374.713 ms - 516[0m
[0mGET /api/v1/categories/ [36m304[0m 213.969 ms - -[0m
[0mGET /api/v1/magasin/services?magasinId=65ba70281e9e9530307b867c [32m201[0m 415.208 ms - 1129[0m
[0mGET /api/v1/categories/ [36m304[0m 212.079 ms - -[0m
[0mGET /api/v1/magasin/services?magasinId=65ba70281e9e9530307b867c [32m201[0m 402.310 ms - 1129[0m
[0mGET /api/v1/categories/ [36m304[0m 221.126 ms - -[0m
[0mGET /api/v1/categories/ [36m304[0m 159.866 ms - -[0m
[0mGET /api/v1/categories/ [36m304[0m 162.478 ms - -[0m
[0mGET /api/v1/categories/ [36m304[0m 162.503 ms - -[0m
[0mGET /api/v1/categories/ [36m304[0m 301.921 ms - -[0m
[0mGET /api/v1/categories/ [32m200[0m 199.802 ms - 149[0m
[0mGET /api/v1/categories/ [36m304[0m 164.876 ms - -[0m
[0mGET /api/v1/categories/ [36m304[0m 160.934 ms - -[0m
[0mGET /api/v1/categories/ [36m304[0m 162.603 ms - -[0m
[0mGET /api/v1/categories/ [36m304[0m 160.805 ms - -[0m
[0mGET /api/v1/categories/ [36m304[0m 162.658 ms - -[0m
[0mGET /api/v1/magasin/services?magasinId=65ba70281e9e9530307b867c [32m201[0m 346.151 ms - 1129[0m
[0mGET /api/v1/magasin/services?magasinId=65ba70281e9e9530307b867c [32m201[0m 333.396 ms - 1129[0m
[0mGET /api/v1/categories/ [36m304[0m 2053.883 ms - -[0m
[0mGET /api/v1/categories/ [36m304[0m 306.137 ms - -[0m
[0mGET /api/v1/magasin/services?magasinId=65ba70281e9e9530307b867c [32m201[0m 2503.247 ms - 1129[0m
[0mGET /api/v1/magasin/services?magasinId=65ba70281e9e9530307b867c [32m201[0m 358.604 ms - 1129[0m
[0mGET /api/v1/categories/ [36m304[0m 2941.949 ms - -[0m
[0mGET /api/v1/magasin/services?magasinId=65ba70281e9e9530307b867c [32m201[0m 3131.581 ms - 1129[0m
[0mGET /api/v1/categories/ [36m304[0m 192.796 ms - -[0m
[0mGET /api/v1/categories/ [36m304[0m 198.215 ms - -[0m
[0mGET /api/v1/magasin/services?magasinId=65ba70281e9e9530307b867c [32m201[0m 392.531 ms - 1129[0m
[0mGET /api/v1/categories/ [36m304[0m 206.070 ms - -[0m
[0mGET /api/v1/categories/ [36m304[0m 204.564 ms - -[0m
[0mGET /api/v1/categories/ [36m304[0m 203.109 ms - -[0m
[0mGET /api/v1/categories/ [36m304[0m 4222.283 ms - -[0m
[0mGET /api/v1/magasin/?num=4 [36m304[0m 4253.652 ms - -[0m
[0mGET /api/v1/service/ [36m304[0m 4256.081 ms - -[0m
[0mGET /api/v1/magasin/?num=4 [36m304[0m 1127.166 ms - -[0m
[0mGET /api/v1/categories/ [36m304[0m 2644.709 ms - -[0m
[0mGET /api/v1/service/ [36m304[0m 2828.289 ms - -[0m
[0mGET /api/v1/categories/ [36m304[0m 302.645 ms - -[0m
[0mGET /api/v1/categories/ [36m304[0m 231.889 ms - -[0m
[0mGET /api/v1/categories/ [36m304[0m 479.113 ms - -[0m
[0mGET /api/v1/categories/ [36m304[0m 534.364 ms - -[0m
[0mGET /api/v1/magasin/services?magasinId=65ba70281e9e9530307b867c [32m201[0m 1037.002 ms - 1129[0m
[0mGET /api/v1/magasin/services?magasinId=65ba70281e9e9530307b867c [32m201[0m 426.293 ms - 1129[0m
[0mGET /api/v1/categories/ [36m304[0m 243.544 ms - -[0m
[0mGET /api/v1/magasin/?num=4 [36m304[0m 246.401 ms - -[0m
[0mGET /api/v1/service/ [36m304[0m 250.145 ms - -[0m
[0mGET /api/v1/categories/ [36m304[0m 189.106 ms - -[0m
[0mGET /api/v1/magasin/?num=4 [36m304[0m 194.731 ms - -[0m
[0mGET /api/v1/service/ [36m304[0m 197.883 ms - -[0m
[0mGET /api/v1/categories/ [36m304[0m 165.581 ms - -[0m
[0mGET /api/v1/categories/ [36m304[0m 176.794 ms - -[0m
[0mGET /api/v1/categories/ [36m304[0m 191.620 ms - -[0m
[0mGET /api/v1/magasin/?num=4 [36m304[0m 198.841 ms - -[0m
[0mGET /api/v1/service/ [36m304[0m 202.516 ms - -[0m
[0mGET /api/v1/categories/ [36m304[0m 171.206 ms - -[0m
[0mGET /api/v1/magasin/?num=4 [36m304[0m 177.670 ms - -[0m
[0mGET /api/v1/service/ [36m304[0m 176.416 ms - -[0m
[0mGET /api/v1/categories/ [36m304[0m 200.233 ms - -[0m
[0mGET /api/v1/categories/ [36m304[0m 161.575 ms - -[0m
[0mGET /api/v1/categories/ [36m304[0m 199.845 ms - -[0m
[0mGET /api/v1/magasin/?num=4 [36m304[0m 204.708 ms - -[0m
[0mGET /api/v1/service/ [36m304[0m 206.063 ms - -[0m
[0mGET /api/v1/categories/ [36m304[0m 184.031 ms - -[0m
[0mGET /api/v1/magasin/?num=4 [36m304[0m 182.824 ms - -[0m
[0mGET /api/v1/service/ [36m304[0m 182.274 ms - -[0m
[0mGET /api/v1/categories/ [36m304[0m 195.273 ms - -[0m
[0mGET /api/v1/categories/ [36m304[0m 202.502 ms - -[0m
[0mGET /api/v1/categories/ [36m304[0m 213.158 ms - -[0m
[0mGET /api/v1/magasin/?num=4 [36m304[0m 215.026 ms - -[0m
[0mGET /api/v1/service/ [36m304[0m 216.186 ms - -[0m
[0mGET /api/v1/categories/ [36m304[0m 193.816 ms - -[0m
[0mGET /api/v1/magasin/?num=4 [36m304[0m 195.182 ms - -[0m
[0mGET /api/v1/service/ [36m304[0m 397.178 ms - -[0m
[0mGET /api/v1/categories/ [36m304[0m 206.579 ms - -[0m
[0mGET /api/v1/categories/ [36m304[0m 194.965 ms - -[0m
[0mGET /api/v1/categories/ [36m304[0m 244.966 ms - -[0m
[0mGET /api/v1/magasin/?num=4 [36m304[0m 248.432 ms - -[0m
[0mGET /api/v1/service/ [36m304[0m 251.238 ms - -[0m
[0mGET /api/v1/categories/ [36m304[0m 190.902 ms - -[0m
[0mGET /api/v1/magasin/?num=4 [36m304[0m 190.830 ms - -[0m
[0mGET /api/v1/service/ [36m304[0m 190.662 ms - -[0m
[0mGET /api/v1/categories/ [36m304[0m 301.987 ms - -[0m
[0mGET /api/v1/categories/ [36m304[0m 203.263 ms - -[0m
[0mGET /api/v1/categories/ [36m304[0m 188.609 ms - -[0m
[0mGET /api/v1/magasin/?num=4 [36m304[0m 189.979 ms - -[0m
[0mGET /api/v1/service/ [36m304[0m 190.307 ms - -[0m
[0mGET /api/v1/categories/ [36m304[0m 190.983 ms - -[0m
[0mGET /api/v1/magasin/?num=4 [36m304[0m 191.657 ms - -[0m
[0mGET /api/v1/service/ [36m304[0m 191.108 ms - -[0m
[0mGET /api/v1/categories/ [36m304[0m 190.642 ms - -[0m
[0mGET /api/v1/categories/ [0m-[0m - ms - -[0m
[0mGET /api/v1/categories/ [32m200[0m 248.534 ms - 149[0m
[0mGET /api/v1/magasin/?num=4 [36m304[0m 250.485 ms - -[0m
[0mGET /api/v1/service/ [36m304[0m 251.082 ms - -[0m
[0mGET /api/v1/categories/ [36m304[0m 190.983 ms - -[0m
[0mGET /api/v1/magasin/?num=4 [36m304[0m 190.751 ms - -[0m
[0mGET /api/v1/service/ [36m304[0m 188.806 ms - -[0m
[0mGET /api/v1/categories/ [36m304[0m 160.290 ms - -[0m
[0mGET /api/v1/categories/ [36m304[0m 238.140 ms - -[0m
[0mGET /api/v1/categories/ [36m304[0m 164.648 ms - -[0m
[0mGET /api/v1/magasin/?num=4 [36m304[0m 179.817 ms - -[0m
[0mGET /api/v1/service/ [36m304[0m 180.685 ms - -[0m
[0mGET /api/v1/categories/ [36m304[0m 177.547 ms - -[0m
[0mGET /api/v1/magasin/?num=4 [36m304[0m 172.277 ms - -[0m
[0mGET /api/v1/service/ [36m304[0m 173.341 ms - -[0m
[0mGET /api/v1/categories/ [36m304[0m 208.344 ms - -[0m
[0mGET /api/v1/categories/ [36m304[0m 201.544 ms - -[0m
[0mGET /api/v1/categories/ [36m304[0m 162.252 ms - -[0m
[0mGET /api/v1/categories/ [36m304[0m 188.872 ms - -[0m
[0mGET /api/v1/magasin/services?magasinId=65ba70281e9e9530307b867c [32m201[0m 354.687 ms - 1129[0m
[0mGET /api/v1/magasin/services?magasinId=65ba70281e9e9530307b867c [32m201[0m 381.888 ms - 1129[0m
[0mGET /api/v1/categories/ [36m304[0m 212.268 ms - -[0m
[0mGET /api/v1/magasin/services?magasinId=65ba70281e9e9530307b867c [32m201[0m 396.956 ms - 1129[0m
[0mGET /api/v1/categories/ [36m304[0m 186.497 ms - -[0m
[0mGET /api/v1/magasin/services?magasinId=65ba70281e9e9530307b867c [32m201[0m 418.769 ms - 1129[0m
[0mGET /api/v1/categories/ [36m304[0m 225.418 ms - -[0m
[0mGET /api/v1/magasin/services?magasinId=65ba70281e9e9530307b867c [32m201[0m 534.981 ms - 1129[0m
[0mGET /api/v1/categories/ [36m304[0m 312.975 ms - -[0m
[0mGET /api/v1/magasin/services?magasinId=65ba70281e9e9530307b867c [32m201[0m 531.971 ms - 1129[0m
[0mGET /api/v1/categories/ [36m304[0m 198.259 ms - -[0m
[0mGET /api/v1/magasin/services?magasinId=65ba70281e9e9530307b867c [32m201[0m 398.171 ms - 1129[0m
[0mGET /api/v1/categories/ [36m304[0m 201.853 ms - -[0m
[0mGET /api/v1/magasin/services?magasinId=65ba70281e9e9530307b867c [32m201[0m 405.152 ms - 1129[0m
[0mGET /api/v1/categories/ [36m304[0m 224.008 ms - -[0m
[0mGET /api/v1/magasin/services?magasinId=65ba70281e9e9530307b867c [32m201[0m 388.246 ms - 1129[0m
[0mGET /api/v1/categories/ [36m304[0m 166.604 ms - -[0m
[0mGET /api/v1/magasin/services?magasinId=65ba70281e9e9530307b867c [32m201[0m 434.143 ms - 1129[0m
[0mGET /api/v1/categories/ [36m304[0m 207.380 ms - -[0m
[0mGET /api/v1/magasin/services?magasinId=65ba70281e9e9530307b867c [32m201[0m 408.281 ms - 1129[0m
[0mGET /api/v1/categories/ [36m304[0m 200.937 ms - -[0m
[0mGET /api/v1/magasin/services?magasinId=65ba70281e9e9530307b867c [32m201[0m 393.543 ms - 1129[0m
[0mGET /api/v1/categories/ [36m304[0m 315.216 ms - -[0m
[0mGET /api/v1/categories/ [36m304[0m 252.729 ms - -[0m
[0mGET /api/v1/magasin/services?magasinId=65ba70281e9e9530307b867c [32m201[0m 1079.669 ms - 1129[0m
[0mGET /api/v1/magasin/services?magasinId=65ba70281e9e9530307b867c [32m201[0m 436.730 ms - 1129[0m
[0mGET /api/v1/categories/ [36m304[0m 213.892 ms - -[0m
[0mGET /api/v1/magasin/services?magasinId=65ba70281e9e9530307b867c [32m201[0m 411.849 ms - 1129[0m
[0mGET /api/v1/categories/ [36m304[0m 212.856 ms - -[0m
[0mGET /api/v1/magasin/services?magasinId=65ba70281e9e9530307b867c [32m201[0m 399.188 ms - 1129[0m
[0mGET /api/v1/categories/ [36m304[0m 261.979 ms - -[0m
[0mGET /api/v1/categories/ [36m304[0m 198.658 ms - -[0m
[0mGET /api/v1/magasin/services?magasinId=65ba70281e9e9530307b867c [0m-[0m - ms - -[0m
[0mGET /api/v1/categories/ [36m304[0m 280.878 ms - -[0m
[0mGET /api/v1/magasin/services?magasinId=65ba70281e9e9530307b867c [32m201[0m 482.327 ms - 1129[0m
[0mGET /api/v1/categories/ [0m-[0m - ms - -[0m
[0mGET /api/v1/magasin/services?magasinId=65ba70281e9e9530307b867c [0m-[0m - ms - -[0m
[0mGET /api/v1/categories/ [32m200[0m 225.230 ms - 149[0m
[0mGET /api/v1/magasin/services?magasinId=65ba70281e9e9530307b867c [32m201[0m 332.082 ms - 1129[0m
[0mGET /api/v1/categories/ [36m304[0m 214.431 ms - -[0m
[0mGET /api/v1/magasin/services?magasinId=65ba70281e9e9530307b867c [32m201[0m 365.223 ms - 1129[0m
[0mGET /api/v1/categories/ [36m304[0m 163.684 ms - -[0m
[0mGET /api/v1/categories/ [36m304[0m 202.562 ms - -[0m
[0mGET /api/v1/magasin/services?magasinId=65ba70281e9e9530307b867c [32m201[0m 366.738 ms - 1129[0m
[0mGET /api/v1/magasin/services?magasinId=65ba70281e9e9530307b867c [32m201[0m 402.892 ms - 1129[0m
[0mGET /api/v1/categories/ [36m304[0m 172.135 ms - -[0m
[0mGET /api/v1/categories/ [36m304[0m 171.002 ms - -[0m
[0mGET /api/v1/magasin/services?magasinId=65ba70281e9e9530307b867c [32m201[0m 424.300 ms - 1129[0m
[0mGET /api/v1/magasin/services?magasinId=65ba70281e9e9530307b867c [32m201[0m 447.336 ms - 1129[0m
[0mGET /api/v1/magasin/services?magasinId=65ba70281e9e9530307b867c [32m201[0m 496.454 ms - 1129[0m
[0mGET /api/v1/categories/ [36m304[0m 185.216 ms - -[0m
[0mGET /api/v1/magasin/services?magasinId=65ba70281e9e9530307b867c [32m201[0m 343.824 ms - 1129[0m
[0mGET /api/v1/categories/ [36m304[0m 170.281 ms - -[0m
[0mGET /api/v1/magasin/services?magasinId=65ba70281e9e9530307b867c [32m201[0m 341.313 ms - 1129[0m
[0mGET /api/v1/categories/ [36m304[0m 169.908 ms - -[0m
[0mGET /api/v1/categories/ [36m304[0m 197.892 ms - -[0m
[0mGET /api/v1/magasin/services?magasinId=65ba70281e9e9530307b867c [32m201[0m 370.444 ms - 1129[0m
[0mGET /api/v1/magasin/services?magasinId=65ba70281e9e9530307b867c [32m201[0m 506.415 ms - 1129[0m
[0mGET /api/v1/categories/ [36m304[0m 216.698 ms - -[0m
[0mGET /api/v1/magasin/services?magasinId=65ba70281e9e9530307b867c [32m201[0m 409.310 ms - 1129[0m
[0mGET /api/v1/categories/ [36m304[0m 173.843 ms - -[0m
[0mGET /api/v1/magasin/services?magasinId=65ba70281e9e9530307b867c [32m201[0m 413.957 ms - 1129[0m
[0mGET /api/v1/categories/ [36m304[0m 263.364 ms - -[0m
[0mGET /api/v1/magasin/services?magasinId=65ba70281e9e9530307b867c [32m201[0m 439.325 ms - 1129[0m
[0mGET /api/v1/categories/ [36m304[0m 172.067 ms - -[0m
[0mGET /api/v1/magasin/services?magasinId=65ba70281e9e9530307b867c [32m201[0m 529.703 ms - 1129[0m
[0mGET /api/v1/categories/ [36m304[0m 250.350 ms - -[0m
[0mGET /api/v1/magasin/services?magasinId=65ba70281e9e9530307b867c [32m201[0m 447.873 ms - 1129[0m
[0mGET /api/v1/categories/ [36m304[0m 198.568 ms - -[0m
[0mGET /api/v1/magasin/services?magasinId=65ba70281e9e9530307b867c [32m201[0m 407.315 ms - 1129[0m
[0mGET /api/v1/categories/ [36m304[0m 212.252 ms - -[0m
[0mGET /api/v1/magasin/services?magasinId=65ba70281e9e9530307b867c [32m201[0m 410.730 ms - 1129[0m
[0mGET /api/v1/categories/ [36m304[0m 185.278 ms - -[0m
[0mGET /api/v1/magasin/services?magasinId=65ba70281e9e9530307b867c [0m-[0m - ms - -[0m
[0mGET /api/v1/categories/ [36m304[0m 187.744 ms - -[0m
[0mGET /api/v1/magasin/services?magasinId=65ba70281e9e9530307b867c [32m201[0m 494.151 ms - 1129[0m
[0mGET /api/v1/categories/ [36m304[0m 309.863 ms - -[0m
[0mGET /api/v1/magasin/services?magasinId=65ba70281e9e9530307b867c [32m201[0m 517.646 ms - 1129[0m
[0mGET /api/v1/categories/ [36m304[0m 163.700 ms - -[0m
[0mGET /api/v1/categories/ [36m304[0m 165.260 ms - -[0m
[0mGET /api/v1/magasin/services?magasinId=65ba70281e9e9530307b867c [32m201[0m 344.484 ms - 1129[0m
[0mGET /api/v1/magasin/services?magasinId=65ba70281e9e9530307b867c [32m201[0m 421.600 ms - 1129[0m
[0mGET /api/v1/categories/ [36m304[0m 211.429 ms - -[0m
[0mGET /api/v1/magasin/services?magasinId=65ba70281e9e9530307b867c [32m201[0m 412.868 ms - 1129[0m
[0mGET /api/v1/categories/ [36m304[0m 201.048 ms - -[0m
[0mGET /api/v1/magasin/services?magasinId=65ba70281e9e9530307b867c [32m201[0m 407.357 ms - 1129[0m
[0mGET /api/v1/categories/ [36m304[0m 257.830 ms - -[0m
[0mGET /api/v1/magasin/services?magasinId=65ba70281e9e9530307b867c [32m201[0m 460.927 ms - 1129[0m
[0mGET /api/v1/categories/ [36m304[0m 202.208 ms - -[0m
[0mGET /api/v1/magasin/services?magasinId=65ba70281e9e9530307b867c [32m201[0m 404.433 ms - 1129[0m
[0mGET /api/v1/categories/ [36m304[0m 237.561 ms - -[0m
[0mGET /api/v1/magasin/services?magasinId=65ba70281e9e9530307b867c [32m201[0m 439.807 ms - 1129[0m
[0mGET /api/v1/categories/ [36m304[0m 190.537 ms - -[0m
[0mGET /api/v1/magasin/services?magasinId=65ba70281e9e9530307b867c [32m201[0m 509.988 ms - 1129[0m
[0mGET /api/v1/categories/ [36m304[0m 419.222 ms - -[0m
[0mGET /api/v1/categories/ [36m304[0m 409.811 ms - -[0m
[0mGET /api/v1/magasin/services?magasinId=65ba70281e9e9530307b867c [32m201[0m 850.213 ms - 1129[0m
[0mGET /api/v1/magasin/services?magasinId=65ba70281e9e9530307b867c [32m201[0m 700.321 ms - 1129[0m
[0mGET /api/v1/categories/ [36m304[0m 161.184 ms - -[0m
[0mGET /api/v1/categories/ [36m304[0m 175.125 ms - -[0m
[0mGET /api/v1/magasin/services?magasinId=65ba70281e9e9530307b867c [32m201[0m 343.502 ms - 1129[0m
[0mGET /api/v1/magasin/services?magasinId=65ba70281e9e9530307b867c [32m201[0m 357.777 ms - 1129[0m
[0mGET /api/v1/categories/ [36m304[0m 161.987 ms - -[0m
[0mGET /api/v1/magasin/services?magasinId=65ba70281e9e9530307b867c [32m201[0m 338.768 ms - 1129[0m
[0mGET /api/v1/categories/ [36m304[0m 171.769 ms - -[0m
[0mGET /api/v1/magasin/services?magasinId=65ba70281e9e9530307b867c [32m201[0m 401.980 ms - 1129[0m
[0mGET /api/v1/categories/ [36m304[0m 165.763 ms - -[0m
[0mGET /api/v1/categories/ [36m304[0m 238.856 ms - -[0m
[0mGET /api/v1/magasin/services?magasinId=65ba70281e9e9530307b867c [32m201[0m 345.379 ms - 1129[0m
[0mGET /api/v1/magasin/services?magasinId=65ba70281e9e9530307b867c [32m201[0m 606.296 ms - 1129[0m
[0mGET /api/v1/categories/ [36m304[0m 187.683 ms - -[0m
[0mGET /api/v1/categories/ [36m304[0m 212.285 ms - -[0m
[0mGET /api/v1/magasin/services?magasinId=65ba70281e9e9530307b867c [32m201[0m 421.578 ms - 1129[0m
[0mGET /api/v1/magasin/services?magasinId=65ba70281e9e9530307b867c [32m201[0m 535.800 ms - 1129[0m
[0mGET /api/v1/categories/ [36m304[0m 353.212 ms - -[0m
[0mGET /api/v1/magasin/services?magasinId=65ba70281e9e9530307b867c [32m201[0m 601.051 ms - 1129[0m
[0mGET /api/v1/categories/ [36m304[0m 250.744 ms - -[0m
[0mGET /api/v1/magasin/services?magasinId=65ba70281e9e9530307b867c [32m201[0m 668.940 ms - 1129[0m
[0mGET /api/v1/categories/ [36m304[0m 226.200 ms - -[0m
[0mGET /api/v1/magasin/services?magasinId=65ba70281e9e9530307b867c [32m201[0m 526.540 ms - 1129[0m
[0mGET /api/v1/categories/ [36m304[0m 300.630 ms - -[0m
[0mGET /api/v1/magasin/services?magasinId=65ba70281e9e9530307b867c [32m201[0m 930.351 ms - 1129[0m
[0mGET /api/v1/magasin/services?magasinId=65ba70281e9e9530307b867c [32m201[0m 414.524 ms - 1129[0m
[0mGET /api/v1/categories/ [36m304[0m 301.317 ms - -[0m
[0mGET /api/v1/magasin/services?magasinId=65ba70281e9e9530307b867c [32m201[0m 603.746 ms - 1129[0m
[0mGET /api/v1/categories/ [36m304[0m 301.172 ms - -[0m
[0mGET /api/v1/magasin/services?magasinId=65ba70281e9e9530307b867c [32m201[0m 611.091 ms - 1129[0m
[0mGET /api/v1/categories/ [36m304[0m 348.982 ms - -[0m
[0mGET /api/v1/magasin/services?magasinId=65ba70281e9e9530307b867c [32m201[0m 572.814 ms - 1129[0m
[0mGET /api/v1/categories/ [36m304[0m 221.419 ms - -[0m
[0mGET /api/v1/magasin/services?magasinId=65ba70281e9e9530307b867c [0m-[0m - ms - -[0m
[0mGET /api/v1/categories/ [36m304[0m 353.862 ms - -[0m
[0mGET /api/v1/magasin/services?magasinId=65ba70281e9e9530307b867c [32m201[0m 765.376 ms - 1129[0m
[0mGET /api/v1/categories/ [36m304[0m 413.078 ms - -[0m
[0mGET /api/v1/magasin/services?magasinId=65ba70281e9e9530307b867c [32m201[0m 707.106 ms - 1129[0m
[0mGET /api/v1/categories/ [36m304[0m 352.799 ms - -[0m
[0mGET /api/v1/magasin/services?magasinId=65ba70281e9e9530307b867c [32m201[0m 654.513 ms - 1129[0m
[0mGET /api/v1/categories/ [36m304[0m 304.108 ms - -[0m
[0mGET /api/v1/magasin/services?magasinId=65ba70281e9e9530307b867c [32m201[0m 369.519 ms - 1129[0m
[0mGET /api/v1/categories/ [36m304[0m 178.230 ms - -[0m
[0mGET /api/v1/categories/ [36m304[0m 246.587 ms - -[0m
[0mGET /api/v1/magasin/services?magasinId=65ba70281e9e9530307b867c [32m201[0m 427.749 ms - 1129[0m
[0mGET /api/v1/magasin/services?magasinId=65ba70281e9e9530307b867c [32m201[0m 594.137 ms - 1129[0m
[0mGET /api/v1/categories/ [36m304[0m 219.572 ms - -[0m
[0mGET /api/v1/magasin/services?magasinId=65ba70281e9e9530307b867c [32m201[0m 418.996 ms - 1129[0m
[0mGET /api/v1/categories/ [36m304[0m 199.229 ms - -[0m
[0mGET /api/v1/magasin/services?magasinId=65ba70281e9e9530307b867c [32m201[0m 409.416 ms - 1129[0m
[0mGET /api/v1/categories/ [36m304[0m 179.851 ms - -[0m
[0mGET /api/v1/magasin/services?magasinId=65ba70281e9e9530307b867c [32m201[0m 380.634 ms - 1129[0m
[0mGET /api/v1/categories/ [36m304[0m 202.347 ms - -[0m
[0mGET /api/v1/magasin/services?magasinId=65ba70281e9e9530307b867c [32m201[0m 397.419 ms - 1129[0m
[0mGET /api/v1/categories/ [36m304[0m 291.926 ms - -[0m
[0mGET /api/v1/categories/ [36m304[0m 303.340 ms - -[0m
[0mGET /api/v1/magasin/services?magasinId=65ba70281e9e9530307b867c [32m201[0m 596.052 ms - 1129[0m
[0mGET /api/v1/magasin/services?magasinId=65ba70281e9e9530307b867c [32m201[0m 1376.649 ms - 1129[0m
[0mGET /api/v1/categories/ [36m304[0m 417.738 ms - -[0m
[0mGET /api/v1/categories/ [36m304[0m 403.469 ms - -[0m
[0mGET /api/v1/magasin/services?magasinId=65ba70281e9e9530307b867c [32m201[0m 832.069 ms - 1129[0m
[0mGET /api/v1/magasin/services?magasinId=65ba70281e9e9530307b867c [32m201[0m 864.624 ms - 1129[0m
[0mGET /api/v1/categories/ [36m304[0m 381.683 ms - -[0m
[0mGET /api/v1/magasin/services?magasinId=65ba70281e9e9530307b867c [32m201[0m 683.068 ms - 1129[0m
[0mGET /api/v1/categories/ [36m304[0m 293.447 ms - -[0m
[0mGET /api/v1/magasin/services?magasinId=65ba70281e9e9530307b867c [32m201[0m 1328.687 ms - 1129[0m
[0mGET /api/v1/categories/ [36m304[0m 367.660 ms - -[0m
[0mGET /api/v1/magasin/services?magasinId=65ba70281e9e9530307b867c [32m201[0m 812.424 ms - 1129[0m
[0mGET /api/v1/categories/ [36m304[0m 447.792 ms - -[0m
[0mGET /api/v1/magasin/services?magasinId=65ba70281e9e9530307b867c [32m201[0m 509.377 ms - 1129[0m
[0mGET /api/v1/categories/ [36m304[0m 260.837 ms - -[0m
[0mGET /api/v1/magasin/services?magasinId=65ba70281e9e9530307b867c [32m201[0m 461.928 ms - 1129[0m
[0mGET /api/v1/categories/ [36m304[0m 202.378 ms - -[0m
[0mGET /api/v1/magasin/services?magasinId=65ba70281e9e9530307b867c [32m201[0m 403.068 ms - 1129[0m
[0mGET /api/v1/categories/ [36m304[0m 237.584 ms - -[0m
[0mGET /api/v1/categories/ [36m304[0m 302.972 ms - -[0m
[0mGET /api/v1/magasin/services?magasinId=65ba70281e9e9530307b867c [32m201[0m 542.914 ms - 1129[0m
[0mGET /api/v1/magasin/services?magasinId=65ba70281e9e9530307b867c [32m201[0m 506.015 ms - 1129[0m
[0mGET /api/v1/categories/ [36m304[0m 232.149 ms - -[0m
[0mGET /api/v1/categories/ [36m304[0m 441.371 ms - -[0m
[0mGET /api/v1/magasin/services?magasinId=65ba70281e9e9530307b867c [32m201[0m 683.175 ms - 1129[0m
[0mGET /api/v1/magasin/services?magasinId=65ba70281e9e9530307b867c [32m201[0m 888.299 ms - 1129[0m
[0mGET /api/v1/categories/ [36m304[0m 232.032 ms - -[0m
[0mGET /api/v1/categories/ [36m304[0m 161.117 ms - -[0m
[0mGET /api/v1/magasin/services?magasinId=65ba70281e9e9530307b867c [32m201[0m 403.977 ms - 1129[0m
[0mGET /api/v1/magasin/services?magasinId=65ba70281e9e9530307b867c [32m201[0m 421.980 ms - 1129[0m
[0mGET /api/v1/categories/ [36m304[0m 240.598 ms - -[0m
[0mGET /api/v1/magasin/services?magasinId=65ba70281e9e9530307b867c [32m201[0m 442.180 ms - 1129[0m
[0mGET /api/v1/categories/ [36m304[0m 201.945 ms - -[0m
[0mGET /api/v1/magasin/services?magasinId=65ba70281e9e9530307b867c [32m201[0m 405.845 ms - 1129[0m
[0mGET /api/v1/categories/ [36m304[0m 291.451 ms - -[0m
[0mGET /api/v1/categories/ [36m304[0m 392.168 ms - -[0m
[0mGET /api/v1/magasin/services?magasinId=65ba70281e9e9530307b867c [32m201[0m 685.752 ms - 1129[0m
[0mGET /api/v1/magasin/services?magasinId=65ba70281e9e9530307b867c [32m201[0m 575.335 ms - 1129[0m
[0mGET /api/v1/categories/ [36m304[0m 192.484 ms - -[0m
[0mGET /api/v1/magasin/services?magasinId=65ba70281e9e9530307b867c [32m201[0m 405.576 ms - 1129[0m
[0mGET /api/v1/categories/ [36m304[0m 213.134 ms - -[0m
[0mGET /api/v1/magasin/services?magasinId=65ba70281e9e9530307b867c [32m201[0m 449.318 ms - 1129[0m
[0mGET /api/v1/categories/ [36m304[0m 182.556 ms - -[0m
[0mGET /api/v1/magasin/services?magasinId=65ba70281e9e9530307b867c [32m201[0m 449.411 ms - 1129[0m
[0mGET /api/v1/categories/ [36m304[0m 277.556 ms - -[0m
[0mGET /api/v1/magasin/services?magasinId=65ba70281e9e9530307b867c [32m201[0m 620.961 ms - 1129[0m
[0mGET /api/v1/categories/ [36m304[0m 312.345 ms - -[0m
[0mGET /api/v1/magasin/services?magasinId=65ba70281e9e9530307b867c [32m201[0m 719.242 ms - 1129[0m
[0mGET /api/v1/categories/ [36m304[0m 390.391 ms - -[0m
[0mGET /api/v1/magasin/services?magasinId=65ba70281e9e9530307b867c [32m201[0m 400.585 ms - 1129[0m
[0mGET /api/v1/categories/ [36m304[0m 972.562 ms - -[0m
[0mGET /api/v1/categories/ [36m304[0m 279.357 ms - -[0m
[0mGET /api/v1/magasin/services?magasinId=65ba70281e9e9530307b867c [32m201[0m 1257.469 ms - 1129[0m
[0mGET /api/v1/magasin/services?magasinId=65ba70281e9e9530307b867c [32m201[0m 330.963 ms - 1129[0m
[0mGET /api/v1/categories/ [36m304[0m 246.378 ms - -[0m
[0mGET /api/v1/categories/ [36m304[0m 179.566 ms - -[0m
[0mGET /api/v1/magasin/services?magasinId=65ba70281e9e9530307b867c [32m201[0m 427.708 ms - 1129[0m
[0mGET /api/v1/magasin/services?magasinId=65ba70281e9e9530307b867c [32m201[0m 400.888 ms - 1129[0m
[0mGET /api/v1/categories/ [36m304[0m 283.864 ms - -[0m
[0mGET /api/v1/magasin/services?magasinId=65ba70281e9e9530307b867c [32m201[0m 588.837 ms - 1129[0m
[0mGET /api/v1/categories/ [36m304[0m 304.587 ms - -[0m
[0mGET /api/v1/magasin/services?magasinId=65ba70281e9e9530307b867c [32m201[0m 379.735 ms - 1129[0m
[0mGET /api/v1/categories/ [36m304[0m 197.189 ms - -[0m
[0mGET /api/v1/magasin/services?magasinId=65ba70281e9e9530307b867c [32m201[0m 374.356 ms - 1129[0m
[0mGET /api/v1/categories/ [36m304[0m 396.515 ms - -[0m
[0mGET /api/v1/magasin/services?magasinId=65ba70281e9e9530307b867c [32m201[0m 424.095 ms - 1129[0m
[0mGET /api/v1/categories/ [36m304[0m 208.028 ms - -[0m
[0mGET /api/v1/magasin/services?magasinId=65ba70281e9e9530307b867c [32m201[0m 407.129 ms - 1129[0m
[0mGET /api/v1/categories/ [36m304[0m 202.841 ms - -[0m
[0mGET /api/v1/magasin/services?magasinId=65ba70281e9e9530307b867c [32m201[0m 509.404 ms - 1129[0m
[0mGET /api/v1/categories/ [36m304[0m 199.961 ms - -[0m
[0mGET /api/v1/magasin/services?magasinId=65ba70281e9e9530307b867c [32m201[0m 404.686 ms - 1129[0m
[0mGET /api/v1/categories/ [36m304[0m 203.056 ms - -[0m
[0mGET /api/v1/magasin/services?magasinId=65ba70281e9e9530307b867c [0m-[0m - ms - -[0m
[0mGET /api/v1/categories/ [36m304[0m 241.748 ms - -[0m
[0mGET /api/v1/magasin/services?magasinId=65ba70281e9e9530307b867c [32m201[0m 650.472 ms - 1129[0m
[0mGET /api/v1/categories/ [36m304[0m 409.154 ms - -[0m
[0mGET /api/v1/magasin/services?magasinId=65ba70281e9e9530307b867c [32m201[0m 609.330 ms - 1129[0m
[0mGET /api/v1/categories/ [36m304[0m 165.119 ms - -[0m
[0mGET /api/v1/categories/ [36m304[0m 202.627 ms - -[0m
[0mGET /api/v1/magasin/services?magasinId=65ba70281e9e9530307b867c [32m201[0m 369.495 ms - 1129[0m
[0mGET /api/v1/magasin/services?magasinId=65ba70281e9e9530307b867c [32m201[0m 401.867 ms - 1129[0m
[0mGET /api/v1/categories/ [36m304[0m 276.415 ms - -[0m
[0mGET /api/v1/categories/ [36m304[0m 283.532 ms - -[0m
[0mGET /api/v1/magasin/services?magasinId=65ba70281e9e9530307b867c [32m201[0m 574.472 ms - 1129[0m
[0mGET /api/v1/magasin/services?magasinId=65ba70281e9e9530307b867c [32m201[0m 493.678 ms - 1129[0m
[0mGET /api/v1/categories/ [36m304[0m 213.022 ms - -[0m
[0mGET /api/v1/magasin/services?magasinId=65ba70281e9e9530307b867c [32m201[0m 515.302 ms - 1129[0m
[0mGET /api/v1/categories/ [36m304[0m 301.780 ms - -[0m
[0mGET /api/v1/magasin/services?magasinId=65ba70281e9e9530307b867c [32m201[0m 521.676 ms - 1129[0m
[0mGET /api/v1/categories/ [36m304[0m 171.729 ms - -[0m
[0mGET /api/v1/categories/ [36m304[0m 382.648 ms - -[0m
[0mGET /api/v1/magasin/services?magasinId=65ba70281e9e9530307b867c [32m201[0m 562.950 ms - 1129[0m
[0mGET /api/v1/magasin/services?magasinId=65ba70281e9e9530307b867c [32m201[0m 335.842 ms - 1129[0m
[0mGET /api/v1/categories/ [36m304[0m 177.826 ms - -[0m
[0mGET /api/v1/magasin/services?magasinId=65ba70281e9e9530307b867c [32m201[0m 370.651 ms - 1129[0m
[0mGET /api/v1/categories/ [36m304[0m 195.788 ms - -[0m
[0mGET /api/v1/magasin/services?magasinId=65ba70281e9e9530307b867c [32m201[0m 508.355 ms - 1129[0m
[0mGET /api/v1/categories/ [36m304[0m 213.473 ms - -[0m
[0mGET /api/v1/categories/ [36m304[0m 201.715 ms - -[0m
[0mGET /api/v1/categories/ [36m304[0m 174.752 ms - -[0m
[0mGET /api/v1/magasin/services?magasinId=65ba70281e9e9530307b867c [32m201[0m 349.260 ms - 1129[0m
[0mGET /api/v1/categories/ [36m304[0m 184.601 ms - -[0m
[0mGET /api/v1/magasin/services?magasinId=65ba70281e9e9530307b867c [32m201[0m 439.340 ms - 1129[0m
[0mGET /api/v1/categories/ [36m304[0m 247.620 ms - -[0m
[0mGET /api/v1/magasin/?num=4 [36m304[0m 250.090 ms - -[0m
[0mGET /api/v1/service/ [36m304[0m 251.492 ms - -[0m
[0mGET /api/v1/categories/ [36m304[0m 192.481 ms - -[0m
[0mGET /api/v1/magasin/?num=4 [36m304[0m 193.182 ms - -[0m
[0mGET /api/v1/service/ [36m304[0m 193.219 ms - -[0m
[0mGET /api/v1/categories/ [36m304[0m 198.149 ms - -[0m
[0mGET /api/v1/categories/ [36m304[0m 161.940 ms - -[0m
[0mGET /api/v1/categories/ [36m304[0m 175.811 ms - -[0m
[0mGET /api/v1/magasin?CategoryId=653bbd48395aa5af6346e89d [32m200[0m 183.832 ms - 274[0m
[0mGET /api/v1/service?CategoryId=653bbd48395aa5af6346e89d [32m200[0m 183.441 ms - 1736[0m
[0mGET /api/v1/categories/ [36m304[0m 266.780 ms - -[0m
[0mGET /api/v1/magasin?CategoryId=653bbd48395aa5af6346e89d [36m304[0m 256.906 ms - -[0m
[0mGET /api/v1/service?CategoryId=653bbd48395aa5af6346e89d [36m304[0m 255.432 ms - -[0m
[0mGET /api/v1/categories/ [36m304[0m 253.694 ms - -[0m
[0mGET /api/v1/magasin/infos?magasinId=6587164be66d3f90a05e699e [32m201[0m 256.399 ms - 140[0m
[0mGET /api/v1/categories/ [36m304[0m 194.702 ms - -[0m
[0mGET /api/v1/magasin/services?magasinId=6587164be66d3f90a05e699e [32m201[0m 462.811 ms - 2[0m
[0mGET /api/v1/magasin/infos?magasinId=6587164be66d3f90a05e699e [32m201[0m 214.578 ms - 140[0m
[0mGET /api/v1/magasin/services?magasinId=6587164be66d3f90a05e699e [32m201[0m 399.345 ms - 2[0m
[0mGET /api/v1/categories/ [36m304[0m 261.070 ms - -[0m
[0mGET /api/v1/magasin?CategoryId=653bbd48395aa5af6346e89d [36m304[0m 264.416 ms - -[0m
[0mGET /api/v1/service?CategoryId=653bbd48395aa5af6346e89d [36m304[0m 264.347 ms - -[0m
[0mGET /api/v1/categories/ [36m304[0m 195.859 ms - -[0m
[0mGET /api/v1/magasin?CategoryId=653bbd48395aa5af6346e89d [36m304[0m 197.603 ms - -[0m
[0mGET /api/v1/service?CategoryId=653bbd48395aa5af6346e89d [36m304[0m 198.338 ms - -[0m
[0mGET /api/v1/categories/ [36m304[0m 185.005 ms - -[0m
[0mGET /api/v1/service/id/65bbbc291e9e9530307b88c5 [32m200[0m 184.124 ms - 222[0m
[0mGET /api/v1/magasin/infos [33m400[0m 190.570 ms - 22[0m
[0mGET /api/v1/categories/ [36m304[0m 201.694 ms - -[0m
[0mGET /api/v1/service/id/65bbbc291e9e9530307b88c5 [36m304[0m 201.361 ms - -[0m
[0mGET /api/v1/magasin/infos [33m400[0m 194.048 ms - 22[0m
[0mGET /api/v1/magasin/infos?magasinId=65ba70281e9e9530307b867c [32m201[0m 213.348 ms - 2[0m
[0mGET /api/v1/categories/ [36m304[0m 162.965 ms - -[0m
[0mGET /api/v1/service/id/65bbbc291e9e9530307b88c5 [36m304[0m 166.569 ms - -[0m
[0mGET /api/v1/magasin/infos [33m400[0m 187.989 ms - 22[0m
[0mGET /api/v1/categories/ [36m304[0m 199.626 ms - -[0m
[0mGET /api/v1/service/id/65bbbc291e9e9530307b88c5 [36m304[0m 195.720 ms - -[0m
[0mGET /api/v1/magasin/infos [33m400[0m 171.750 ms - 22[0m
[0mGET /api/v1/magasin/infos?magasinId=65ba70281e9e9530307b867c [0m-[0m - ms - -[0m
[0mGET /api/v1/categories/ [36m304[0m 184.405 ms - -[0m
[0mGET /api/v1/service/id/65bbbc291e9e9530307b88c5 [36m304[0m 194.939 ms - -[0m
[0mGET /api/v1/magasin/infos [33m400[0m 194.934 ms - 22[0m
[0mGET /api/v1/categories/ [36m304[0m 170.361 ms - -[0m
[0mGET /api/v1/service/id/65bbbc291e9e9530307b88c5 [36m304[0m 176.333 ms - -[0m
[0mGET /api/v1/magasin/infos [33m400[0m 160.348 ms - 22[0m
[0mGET /api/v1/magasin/infos?magasinId=65ba70281e9e9530307b867c [0m-[0m - ms - -[0m
[0mGET /api/v1/categories/ [36m304[0m 219.637 ms - -[0m
[0mGET /api/v1/service/id/65bbbc291e9e9530307b88c5 [36m304[0m 218.730 ms - -[0m
[0mGET /api/v1/magasin/infos [33m400[0m 215.815 ms - 22[0m
[0mGET /api/v1/categories/ [36m304[0m 195.990 ms - -[0m
[0mGET /api/v1/service/id/65bbbc291e9e9530307b88c5 [36m304[0m 195.130 ms - -[0m
[0mGET /api/v1/magasin/infos [33m400[0m 189.714 ms - 22[0m
[0mGET /api/v1/magasin/infos?magasinId=65ba70281e9e9530307b867c [32m201[0m 233.487 ms - 2[0m
[0mGET /api/v1/categories/ [36m304[0m 176.868 ms - -[0m
[0mGET /api/v1/service/id/65bbbc291e9e9530307b88c5 [36m304[0m 175.799 ms - -[0m
[0mGET /api/v1/magasin/infos [33m400[0m 174.477 ms - 22[0m
[0mGET /api/v1/categories/ [36m304[0m 233.510 ms - -[0m
[0mGET /api/v1/service/id/65bbbc291e9e9530307b88c5 [36m304[0m 232.486 ms - -[0m
[0mGET /api/v1/magasin/infos [33m400[0m 212.668 ms - 22[0m
[0mGET /api/v1/magasin/infos?magasinId=65ba70281e9e9530307b867c [32m201[0m 163.470 ms - 2[0m
[0mGET /api/v1/categories/ [36m304[0m 232.624 ms - -[0m
[0mGET /api/v1/service/id/65bbbc291e9e9530307b88c5 [36m304[0m 229.742 ms - -[0m
[0mGET /api/v1/magasin/infos [33m400[0m 226.804 ms - 22[0m
[0mGET /api/v1/categories/ [36m304[0m 166.395 ms - -[0m
[0mGET /api/v1/service/id/65bbbc291e9e9530307b88c5 [36m304[0m 168.825 ms - -[0m
[0mGET /api/v1/magasin/infos [33m400[0m 171.676 ms - 22[0m
[0mGET /api/v1/magasin/infos?magasinId=65ba70281e9e9530307b867c [32m201[0m 264.134 ms - 2[0m
[0mGET /api/v1/categories/ [36m304[0m 257.522 ms - -[0m
[0mGET /api/v1/service/id/65bbbc291e9e9530307b88c5 [36m304[0m 256.954 ms - -[0m
[0mGET /api/v1/magasin/infos [33m400[0m 255.854 ms - 22[0m
[0mGET /api/v1/categories/ [36m304[0m 289.594 ms - -[0m
[0mGET /api/v1/service/id/65bbbc291e9e9530307b88c5 [36m304[0m 288.410 ms - -[0m
[0mGET /api/v1/magasin/infos [33m400[0m 281.805 ms - 22[0m
[0mGET /api/v1/magasin/infos?magasinId=65ba70281e9e9530307b867c [32m201[0m 238.153 ms - 2[0m
[0mGET /api/v1/categories/ [36m304[0m 163.918 ms - -[0m
[0mGET /api/v1/service/id/65bbbc291e9e9530307b88c5 [36m304[0m 168.059 ms - -[0m
[0mGET /api/v1/magasin/infos [33m400[0m 171.804 ms - 22[0m
[0mGET /api/v1/categories/ [36m304[0m 199.861 ms - -[0m
[0mGET /api/v1/service/id/65bbbc291e9e9530307b88c5 [36m304[0m 198.393 ms - -[0m
[0mGET /api/v1/magasin/infos [33m400[0m 196.639 ms - 22[0m
[0mGET /api/v1/magasin/infos?magasinId=65ba70281e9e9530307b867c [0m-[0m - ms - -[0m
[0mGET /api/v1/categories/ [36m304[0m 167.814 ms - -[0m
[0mGET /api/v1/service/id/65bbbc291e9e9530307b88c5 [36m304[0m 169.159 ms - -[0m
[0mGET /api/v1/magasin/infos [33m400[0m 182.521 ms - 22[0m
[0mGET /api/v1/categories/ [36m304[0m 174.760 ms - -[0m
[0mGET /api/v1/service/id/65bbbc291e9e9530307b88c5 [36m304[0m 179.509 ms - -[0m
[0mGET /api/v1/magasin/infos [33m400[0m 176.231 ms - 22[0m
[0mGET /api/v1/magasin/infos?magasinId=65ba70281e9e9530307b867c [32m201[0m 267.941 ms - 2[0m
[0mGET /api/v1/categories/ [36m304[0m 252.436 ms - -[0m
[0mGET /api/v1/service/id/65bbbc291e9e9530307b88c5 [36m304[0m 252.155 ms - -[0m
[0mGET /api/v1/magasin/infos [33m400[0m 251.753 ms - 22[0m
[0mGET /api/v1/categories/ [36m304[0m 162.510 ms - -[0m
[0mGET /api/v1/service/id/65bbbc291e9e9530307b88c5 [36m304[0m 161.722 ms - -[0m
[0mGET /api/v1/magasin/infos [33m400[0m 161.067 ms - 22[0m
[0mGET /api/v1/magasin/infos?magasinId=65ba70281e9e9530307b867c [0m-[0m - ms - -[0m
[0mGET /api/v1/categories/ [36m304[0m 274.700 ms - -[0m
[0mGET /api/v1/service/id/65bbbc291e9e9530307b88c5 [36m304[0m 272.195 ms - -[0m
[0mGET /api/v1/magasin/infos [33m400[0m 270.362 ms - 22[0m
[0mGET /api/v1/categories/ [36m304[0m 164.812 ms - -[0m
[0mGET /api/v1/service/id/65bbbc291e9e9530307b88c5 [36m304[0m 166.862 ms - -[0m
[0mGET /api/v1/magasin/infos [33m400[0m 172.226 ms - 22[0m
[0mGET /api/v1/magasin/infos?magasinId=65ba70281e9e9530307b867c [0m-[0m - ms - -[0m
[0mGET /api/v1/categories/ [36m304[0m 231.470 ms - -[0m
[0mGET /api/v1/service/id/65bbbc291e9e9530307b88c5 [36m304[0m 230.938 ms - -[0m
[0mGET /api/v1/magasin/infos [33m400[0m 227.322 ms - 22[0m
[0mGET /api/v1/categories/ [36m304[0m 195.229 ms - -[0m
[0mGET /api/v1/service/id/65bbbc291e9e9530307b88c5 [36m304[0m 189.683 ms - -[0m
[0mGET /api/v1/magasin/infos [33m400[0m 188.288 ms - 22[0m
[0mGET /api/v1/magasin/infos?magasinId=65ba70281e9e9530307b867c [32m201[0m 215.726 ms - 2[0m
[0mGET /api/v1/categories/ [36m304[0m 165.194 ms - -[0m
[0mGET /api/v1/service/id/65bbbc291e9e9530307b88c5 [36m304[0m 168.866 ms - -[0m
[0mGET /api/v1/magasin/infos [33m400[0m 180.030 ms - 22[0m
[0mGET /api/v1/categories/ [36m304[0m 160.776 ms - -[0m
[0mGET /api/v1/service/id/65bbbc291e9e9530307b88c5 [36m304[0m 164.639 ms - -[0m
[0mGET /api/v1/magasin/infos [33m400[0m 160.706 ms - 22[0m
[0mGET /api/v1/magasin/infos?magasinId=65ba70281e9e9530307b867c [32m201[0m 165.770 ms - 2[0m
[0mGET /api/v1/categories/ [36m304[0m 254.044 ms - -[0m
[0mGET /api/v1/service/id/65bbbc291e9e9530307b88c5 [36m304[0m 250.997 ms - -[0m
[0mGET /api/v1/magasin/infos [33m400[0m 249.712 ms - 22[0m
[0mGET /api/v1/categories/ [36m304[0m 187.605 ms - -[0m
[0mGET /api/v1/service/id/65bbbc291e9e9530307b88c5 [36m304[0m 187.135 ms - -[0m
[0mGET /api/v1/magasin/infos [33m400[0m 182.268 ms - 22[0m
[0mGET /api/v1/magasin/infos?magasinId=65ba70281e9e9530307b867c [32m201[0m 184.845 ms - 2[0m
[0mGET /api/v1/categories/ [36m304[0m 248.244 ms - -[0m
[0mGET /api/v1/service/id/65bbbc291e9e9530307b88c5 [36m304[0m 246.207 ms - -[0m
[0mGET /api/v1/magasin/infos [33m400[0m 244.475 ms - 22[0m
[0mGET /api/v1/categories/ [36m304[0m 202.990 ms - -[0m
[0mGET /api/v1/service/id/65bbbc291e9e9530307b88c5 [36m304[0m 202.156 ms - -[0m
[0mGET /api/v1/magasin/infos [33m400[0m 197.813 ms - 22[0m
[0mGET /api/v1/magasin/infos?magasinId=65ba70281e9e9530307b867c [32m201[0m 165.949 ms - 2[0m
[0mGET /api/v1/service/id/65bbbc291e9e9530307b88c5 [36m304[0m 286.943 ms - -[0m
[0mGET /api/v1/magasin/infos [33m400[0m 285.868 ms - 22[0m
[0mGET /api/v1/service/id/65bbbc291e9e9530307b88c5 [36m304[0m 199.943 ms - -[0m
[0mGET /api/v1/magasin/infos [33m400[0m 194.766 ms - 22[0m
[0mGET /api/v1/magasin/infos?magasinId=65ba70281e9e9530307b867c [32m201[0m 189.241 ms - 2[0m
[0mGET /api/v1/categories/ [36m304[0m 699.728 ms - -[0m
[0mGET /api/v1/categories/ [36m304[0m 161.832 ms - -[0m
[0mGET /api/v1/categories/ [36m304[0m 174.262 ms - -[0m
[0mGET /api/v1/service/id/65bbbc291e9e9530307b88c5 [36m304[0m 174.178 ms - -[0m
[0mGET /api/v1/magasin/infos [33m400[0m 174.491 ms - 22[0m
[0mGET /api/v1/categories/ [36m304[0m 191.839 ms - -[0m
[0mGET /api/v1/service/id/65bbbc291e9e9530307b88c5 [36m304[0m 190.614 ms - -[0m
[0mGET /api/v1/magasin/infos [33m400[0m 186.269 ms - 22[0m
[0mGET /api/v1/magasin/infos?magasinId=65ba70281e9e9530307b867c [32m201[0m 259.213 ms - 2[0m
[0mGET /api/v1/categories/ [36m304[0m 212.172 ms - -[0m
[0mGET /api/v1/service/id/65bbbc291e9e9530307b88c5 [36m304[0m 211.368 ms - -[0m
[0mGET /api/v1/magasin/infos [33m400[0m 211.181 ms - 22[0m
[0mGET /api/v1/categories/ [36m304[0m 197.508 ms - -[0m
[0mGET /api/v1/service/id/65bbbc291e9e9530307b88c5 [36m304[0m 196.383 ms - -[0m
[0mGET /api/v1/magasin/infos [33m400[0m 195.929 ms - 22[0m
[0mGET /api/v1/magasin/infos?magasinId=65ba70281e9e9530307b867c [32m201[0m 164.041 ms - 2[0m
[0mGET /api/v1/categories/ [36m304[0m 238.289 ms - -[0m
[0mGET /api/v1/service/id/65bbbc291e9e9530307b88c5 [36m304[0m 235.013 ms - -[0m
[0mGET /api/v1/magasin/infos [33m400[0m 234.669 ms - 22[0m
[0mGET /api/v1/categories/ [36m304[0m 199.137 ms - -[0m
[0mGET /api/v1/service/id/65bbbc291e9e9530307b88c5 [36m304[0m 199.278 ms - -[0m
[0mGET /api/v1/magasin/infos [33m400[0m 199.173 ms - 22[0m
[0mGET /api/v1/magasin/infos?magasinId=65ba70281e9e9530307b867c [32m201[0m 195.928 ms - 2[0m
[0mGET /api/v1/service/id/65bbbc291e9e9530307b88c5 [36m304[0m 266.506 ms - -[0m
[0mGET /api/v1/magasin/infos?magasinId=65ba70281e9e9530307b867c [32m201[0m 265.087 ms - 2[0m
[0mGET /api/v1/service/id/65bbbc291e9e9530307b88c5 [36m304[0m 257.931 ms - -[0m
[0mGET /api/v1/magasin/infos?magasinId=65ba70281e9e9530307b867c [32m201[0m 257.289 ms - 2[0m
[0mGET /api/v1/service/id/65bbbc291e9e9530307b88c5 [36m304[0m 226.548 ms - -[0m
[0mGET /api/v1/magasin/infos?magasinId=65ba70281e9e9530307b867c [32m201[0m 226.640 ms - 2[0m
[0mGET /api/v1/service/id/65bbbc291e9e9530307b88c5 [36m304[0m 242.129 ms - -[0m
[0mGET /api/v1/magasin/infos?magasinId=65ba70281e9e9530307b867c [32m201[0m 241.785 ms - 2[0m
[0mGET /api/v1/service/id/65bbbc291e9e9530307b88c5 [36m304[0m 339.189 ms - -[0m
[0mGET /api/v1/magasin/infos?magasinId=65ba70281e9e9530307b867c [32m201[0m 338.997 ms - 2[0m
[0mGET /api/v1/service/id/65bbbc291e9e9530307b88c5 [36m304[0m 185.758 ms - -[0m
[0mGET /api/v1/magasin/infos?magasinId=65ba70281e9e9530307b867c [32m201[0m 185.977 ms - 2[0m
[0mGET /api/v1/service/id/65bbbc291e9e9530307b88c5 [36m304[0m 189.423 ms - -[0m
[0mGET /api/v1/magasin/infos?magasinId=65ba70281e9e9530307b867c [32m201[0m 190.255 ms - 2[0m
[0mGET /api/v1/service/id/65bbbc291e9e9530307b88c5 [36m304[0m 203.155 ms - -[0m
[0mGET /api/v1/magasin/infos?magasinId=65ba70281e9e9530307b867c [32m201[0m 202.229 ms - 2[0m
[0mGET /api/v1/service/id/65bbbc291e9e9530307b88c5 [36m304[0m 182.502 ms - -[0m
[0mGET /api/v1/magasin/infos?magasinId=65ba70281e9e9530307b867c [32m201[0m 182.785 ms - 2[0m
[0mGET /api/v1/categories/ [36m304[0m 187.362 ms - -[0m
[0mGET /api/v1/magasin/services?magasinId=65ba70281e9e9530307b867c [32m201[0m 389.517 ms - 1129[0m
[0mGET /api/v1/categories/ [36m304[0m 203.531 ms - -[0m
[0mGET /api/v1/magasin/services?magasinId=65ba70281e9e9530307b867c [32m201[0m 507.185 ms - 1129[0m
[0mGET /api/v1/categories/ [36m304[0m 178.826 ms - -[0m
[0mGET /api/v1/categories/ [36m304[0m 208.396 ms - -[0m
[0mGET /api/v1/categories/ [36m304[0m 167.592 ms - -[0m
[0mGET /api/v1/categories/ [36m304[0m 236.503 ms - -[0m
[0mGET /api/v1/categories/ [36m304[0m 254.739 ms - -[0m
[0mGET /api/v1/categories/ [36m304[0m 247.235 ms - -[0m
[0mGET /api/v1/categories/ [36m304[0m 214.263 ms - -[0m
[0mGET /api/v1/categories/ [36m304[0m 199.530 ms - -[0m
[0mGET /api/v1/categories/ [36m304[0m 247.488 ms - -[0m
[0mGET /api/v1/categories/ [36m304[0m 186.057 ms - -[0m
[0mGET /api/v1/categories/ [36m304[0m 199.694 ms - -[0m
[0mGET /api/v1/categories/ [36m304[0m 161.621 ms - -[0m
[0mGET /api/v1/categories/ [36m304[0m 187.252 ms - -[0m
[0mGET /api/v1/categories/ [36m304[0m 158.854 ms - -[0m
[0mGET /api/v1/categories/ [36m304[0m 162.099 ms - -[0m
[0mGET /api/v1/categories/ [36m304[0m 172.106 ms - -[0m
[0mGET /api/v1/categories/ [36m304[0m 189.769 ms - -[0m
[0mGET /api/v1/categories/ [36m304[0m 177.597 ms - -[0m
[0mGET /api/v1/categories/ [36m304[0m 199.130 ms - -[0m
[0mGET /api/v1/categories/ [36m304[0m 166.719 ms - -[0m
[0mGET /api/v1/categories/ [36m304[0m 197.627 ms - -[0m
[0mGET /api/v1/categories/ [36m304[0m 161.965 ms - -[0m
[0mGET /api/v1/categories/ [36m304[0m 160.659 ms - -[0m
[0mGET /api/v1/categories/ [36m304[0m 179.264 ms - -[0m
[0mGET /api/v1/categories/ [36m304[0m 165.200 ms - -[0m
[0mGET /api/v1/categories/ [0m-[0m - ms - -[0m
[0mGET /api/v1/categories/ [32m200[0m 353.411 ms - 149[0m
[0mGET /api/v1/categories/ [36m304[0m 265.505 ms - -[0m
[0mGET /api/v1/categories/ [36m304[0m 673.371 ms - -[0m
[0mGET /api/v1/categories/ [36m304[0m 214.419 ms - -[0m
[0mGET /api/v1/categories/ [36m304[0m 271.031 ms - -[0m
[0mGET /api/v1/categories/ [36m304[0m 655.663 ms - -[0m
[0mGET /api/v1/categories/ [36m304[0m 248.078 ms - -[0m
[0mGET /api/v1/categories/ [36m304[0m 343.689 ms - -[0m
[0mGET /api/v1/categories/ [36m304[0m 489.437 ms - -[0m
[0mGET /api/v1/categories/ [36m304[0m 175.132 ms - -[0m
[0mGET /api/v1/categories/ [36m304[0m 228.659 ms - -[0m
[0mGET /api/v1/categories/ [36m304[0m 289.613 ms - -[0m
[0mGET /api/v1/categories/ [36m304[0m 185.056 ms - -[0m
[0mGET /api/v1/categories/ [36m304[0m 176.624 ms - -[0m
[0mGET /api/v1/categories/ [36m304[0m 200.714 ms - -[0m
[0mGET /api/v1/categories/ [36m304[0m 163.458 ms - -[0m
[0mGET /api/v1/categories/ [36m304[0m 219.802 ms - -[0m
[0mGET /api/v1/categories/ [36m304[0m 165.133 ms - -[0m
[0mGET /api/v1/categories/ [36m304[0m 455.759 ms - -[0m
[0mGET /api/v1/categories/ [36m304[0m 406.626 ms - -[0m
[0mGET /api/v1/categories/ [36m304[0m 237.183 ms - -[0m
[0mGET /api/v1/categories/ [36m304[0m 1113.747 ms - -[0m
[0mGET /api/v1/categories/ [36m304[0m 188.560 ms - -[0m
[0mGET /api/v1/categories/ [36m304[0m 192.232 ms - -[0m
[0mGET /api/v1/categories/ [36m304[0m 163.218 ms - -[0m
[0mGET /api/v1/categories/ [36m304[0m 162.084 ms - -[0m
[0mGET /api/v1/categories/ [36m304[0m 160.111 ms - -[0m
[0mGET /api/v1/categories/ [36m304[0m 175.024 ms - -[0m
[0mGET /api/v1/categories/ [36m304[0m 256.559 ms - -[0m
[0mGET /api/v1/categories/ [36m304[0m 201.695 ms - -[0m
[0mGET /api/v1/categories/ [36m304[0m 203.433 ms - -[0m
[0mGET /api/v1/categories/ [36m304[0m 201.687 ms - -[0m
[0mGET /api/v1/categories/ [36m304[0m 162.319 ms - -[0m
[0mGET /api/v1/categories/ [36m304[0m 158.368 ms - -[0m
[0mGET /api/v1/categories/ [36m304[0m 284.358 ms - -[0m
[0mGET /api/v1/categories/ [36m304[0m 161.112 ms - -[0m
[0mGET /api/v1/categories/ [36m304[0m 218.594 ms - -[0m
[0mGET /api/v1/categories/ [36m304[0m 204.425 ms - -[0m
[0mGET /api/v1/categories/ [36m304[0m 164.515 ms - -[0m
[0mGET /api/v1/categories/ [36m304[0m 160.721 ms - -[0m
[0mGET /api/v1/categories/ [36m304[0m 207.138 ms - -[0m
[0mGET /api/v1/categories/ [36m304[0m 197.989 ms - -[0m
[0mGET /api/v1/categories/ [36m304[0m 200.784 ms - -[0m
[0mGET /api/v1/categories/ [36m304[0m 203.427 ms - -[0m
[0mGET /api/v1/categories/ [36m304[0m 182.856 ms - -[0m
[0mGET /api/v1/categories/ [36m304[0m 172.590 ms - -[0m
[0mGET /api/v1/categories/ [36m304[0m 158.839 ms - -[0m
[0mGET /api/v1/categories/ [36m304[0m 191.591 ms - -[0m
[0mGET /api/v1/categories/ [36m304[0m 232.707 ms - -[0m
[0mGET /api/v1/categories/ [36m304[0m 200.209 ms - -[0m
[0mGET /api/v1/categories/ [36m304[0m 203.309 ms - -[0m
[0mGET /api/v1/categories/ [36m304[0m 201.911 ms - -[0m
[0mGET /api/v1/categories/ [36m304[0m 163.916 ms - -[0m
[0mGET /api/v1/categories/ [36m304[0m 183.633 ms - -[0m
[0mGET /api/v1/categories/ [36m304[0m 201.445 ms - -[0m
[0mGET /api/v1/categories/ [36m304[0m 201.629 ms - -[0m
[0mGET /api/v1/categories/ [36m304[0m 162.916 ms - -[0m
[0mGET /api/v1/categories/ [36m304[0m 202.327 ms - -[0m
[0mGET /api/v1/categories/ [36m304[0m 245.136 ms - -[0m
[0mGET /api/v1/categories/ [36m304[0m 303.548 ms - -[0m
[0mGET /api/v1/categories/ [36m304[0m 392.989 ms - -[0m
[0mGET /api/v1/categories/ [0m-[0m - ms - -[0m
[0mGET /api/v1/categories/ [32m200[0m 1250.227 ms - 149[0m
[0mGET /api/v1/categories/ [36m304[0m 465.681 ms - -[0m
[0mGET /api/v1/categories/ [36m304[0m 349.454 ms - -[0m
[0mGET /api/v1/categories/ [36m304[0m 302.766 ms - -[0m
[0mGET /api/v1/categories/ [36m304[0m 335.921 ms - -[0m
[0mGET /api/v1/categories/ [0m-[0m - ms - -[0m
[0mGET /api/v1/categories/ [32m200[0m 521.002 ms - 149[0m
[0mGET /api/v1/categories/ [36m304[0m 252.709 ms - -[0m
[0mGET /api/v1/categories/ [36m304[0m 326.138 ms - -[0m
[0mGET /api/v1/categories/ [36m304[0m 191.853 ms - -[0m
[0mGET /api/v1/categories/ [36m304[0m 566.644 ms - -[0m
[0mGET /api/v1/categories/ [36m304[0m 370.856 ms - -[0m
[0mGET /api/v1/categories/ [36m304[0m 333.369 ms - -[0m
[0mGET /api/v1/categories/ [36m304[0m 175.829 ms - -[0m
[0mGET /api/v1/categories/ [36m304[0m 169.819 ms - -[0m
[0mGET /api/v1/categories/ [36m304[0m 401.687 ms - -[0m
[0mGET /api/v1/categories/ [36m304[0m 304.201 ms - -[0m
[0mGET /api/v1/categories/ [36m304[0m 174.829 ms - -[0m
[0mGET /api/v1/categories/ [36m304[0m 162.757 ms - -[0m
[0mGET /api/v1/categories/ [36m304[0m 235.018 ms - -[0m
[0mGET /api/v1/categories/ [36m304[0m 202.124 ms - -[0m
[0mGET /api/v1/categories/ [36m304[0m 304.823 ms - -[0m
[0mGET /api/v1/categories/ [36m304[0m 193.534 ms - -[0m
[0mGET /api/v1/categories/ [36m304[0m 160.923 ms - -[0m
[0mGET /api/v1/categories/ [36m304[0m 236.743 ms - -[0m
[0mGET /api/v1/categories/ [36m304[0m 203.364 ms - -[0m
[0mGET /api/v1/categories/ [36m304[0m 225.704 ms - -[0m
[0mGET /api/v1/categories/ [36m304[0m 201.481 ms - -[0m
[0mGET /api/v1/categories/ [36m304[0m 159.622 ms - -[0m
[0mGET /api/v1/categories/ [36m304[0m 162.681 ms - -[0m
[0mGET /api/v1/categories/ [36m304[0m 386.269 ms - -[0m
[0mGET /api/v1/categories/ [36m304[0m 191.863 ms - -[0m
[0mGET /api/v1/categories/ [36m304[0m 202.084 ms - -[0m
[0mGET /api/v1/categories/ [36m304[0m 201.895 ms - -[0m
[0mGET /api/v1/categories/ [36m304[0m 257.655 ms - -[0m
[0mGET /api/v1/categories/ [36m304[0m 177.563 ms - -[0m
[0mGET /api/v1/categories/ [36m304[0m 200.166 ms - -[0m
[0mGET /api/v1/categories/ [36m304[0m 186.555 ms - -[0m
[0mGET /api/v1/categories/ [36m304[0m 236.179 ms - -[0m
[0mGET /api/v1/categories/ [36m304[0m 158.531 ms - -[0m
[0mGET /api/v1/categories/ [36m304[0m 245.418 ms - -[0m
[0mGET /api/v1/categories/ [36m304[0m 204.774 ms - -[0m
[0mGET /api/v1/categories/ [36m304[0m 191.370 ms - -[0m
[0mGET /api/v1/categories/ [36m304[0m 160.895 ms - -[0m
[0mGET /api/v1/categories/ [36m304[0m 161.046 ms - -[0m
[0mGET /api/v1/categories/ [36m304[0m 181.952 ms - -[0m
[0mGET /api/v1/categories/ [36m304[0m 240.618 ms - -[0m
[0mGET /api/v1/categories/ [36m304[0m 181.950 ms - -[0m
[0mGET /api/v1/categories/ [36m304[0m 159.025 ms - -[0m
[0mGET /api/v1/categories/ [36m304[0m 265.530 ms - -[0m
[0mGET /api/v1/categories/ [36m304[0m 173.384 ms - -[0m
[0mGET /api/v1/categories/ [36m304[0m 250.693 ms - -[0m
[0mGET /api/v1/categories/ [36m304[0m 161.847 ms - -[0m
[0mGET /api/v1/categories/ [36m304[0m 242.739 ms - -[0m
[0mGET /api/v1/categories/ [36m304[0m 261.435 ms - -[0m
[0mGET /api/v1/categories/ [36m304[0m 200.178 ms - -[0m
[0mGET /api/v1/categories/ [36m304[0m 199.627 ms - -[0m
[0mGET /api/v1/categories/ [36m304[0m 202.985 ms - -[0m
[0mGET /api/v1/categories/ [36m304[0m 385.333 ms - -[0m
[0mGET /api/v1/categories/ [36m304[0m 180.315 ms - -[0m
[0mGET /api/v1/categories/ [36m304[0m 255.833 ms - -[0m
[0mGET /api/v1/categories/ [36m304[0m 161.025 ms - -[0m
[0mGET /api/v1/categories/ [36m304[0m 174.329 ms - -[0m
[0mGET /api/v1/categories/ [36m304[0m 183.938 ms - -[0m
[0mGET /api/v1/categories/ [36m304[0m 251.811 ms - -[0m
[0mGET /api/v1/categories/ [36m304[0m 200.871 ms - -[0m
[0mGET /api/v1/categories/ [36m304[0m 315.088 ms - -[0m
[0mGET /api/v1/categories/ [36m304[0m 320.895 ms - -[0m
[0mGET /api/v1/categories/ [36m304[0m 288.839 ms - -[0m
[0mGET /api/v1/categories/ [36m304[0m 304.457 ms - -[0m
[0mGET /api/v1/categories/ [36m304[0m 262.137 ms - -[0m
[0mGET /api/v1/categories/ [36m304[0m 171.832 ms - -[0m
[0mGET /api/v1/categories/ [36m304[0m 246.081 ms - -[0m
[0mGET /api/v1/categories/ [36m304[0m 297.837 ms - -[0m
[0mGET /api/v1/categories/ [36m304[0m 236.115 ms - -[0m
[0mGET /api/v1/categories/ [36m304[0m 202.488 ms - -[0m
[0mGET /api/v1/categories/ [36m304[0m 244.265 ms - -[0m
[0mGET /api/v1/categories/ [36m304[0m 287.507 ms - -[0m
[0mGET /api/v1/categories/ [36m304[0m 1389.515 ms - -[0m
[0mGET /api/v1/categories/ [36m304[0m 840.786 ms - -[0m
[0mGET /api/v1/categories/ [36m304[0m 203.012 ms - -[0m
[0mGET /api/v1/categories/ [36m304[0m 202.890 ms - -[0m
[0mGET /api/v1/categories/ [36m304[0m 236.669 ms - -[0m
[0mGET /api/v1/categories/ [36m304[0m 204.901 ms - -[0m
[0mGET /api/v1/categories/ [36m304[0m 159.759 ms - -[0m
[0mGET /api/v1/categories/ [36m304[0m 208.737 ms - -[0m
[0mGET /api/v1/categories/ [36m304[0m 206.652 ms - -[0m
[0mGET /api/v1/categories/ [36m304[0m 200.598 ms - -[0m
[0mGET /api/v1/categories/ [36m304[0m 165.130 ms - -[0m
[0mGET /api/v1/categories/ [36m304[0m 161.616 ms - -[0m
[0mGET /api/v1/categories/ [36m304[0m 196.256 ms - -[0m
[0mGET /api/v1/categories/ [36m304[0m 187.382 ms - -[0m
[0mGET /api/v1/categories/ [36m304[0m 160.386 ms - -[0m
[0mGET /api/v1/categories/ [36m304[0m 162.795 ms - -[0m
[0mGET /api/v1/categories/ [36m304[0m 261.534 ms - -[0m
[0mGET /api/v1/categories/ [0m-[0m - ms - -[0m
[0mGET /api/v1/categories/ [32m200[0m 193.846 ms - 149[0m
[0mGET /api/v1/categories/ [36m304[0m 161.921 ms - -[0m
[0mGET /api/v1/categories/ [36m304[0m 226.802 ms - -[0m
[0mGET /api/v1/categories/ [36m304[0m 310.457 ms - -[0m
[0mGET /api/v1/categories/ [36m304[0m 258.271 ms - -[0m
[0mGET /api/v1/categories/ [36m304[0m 210.857 ms - -[0m
[0mPOST /api/v1/auth/magasin/logout [33m404[0m 0.815 ms - 29[0m
[0mGET /api/v1/categories/ [36m304[0m 182.519 ms - -[0m
[0mGET /api/v1/service/ [36m304[0m 185.660 ms - -[0m
[0mGET /api/v1/magasin/?num=4 [36m304[0m 194.800 ms - -[0m
[0mGET /api/v1/categories/ [36m304[0m 302.663 ms - -[0m
[0mGET /api/v1/service/ [36m304[0m 294.689 ms - -[0m
[0mGET /api/v1/magasin/?num=4 [36m304[0m 299.083 ms - -[0m
[0mGET /api/v1/categories/ [36m304[0m 197.834 ms - -[0m
[0mGET /api/v1/categories/ [36m304[0m 298.082 ms - -[0m
[0mPOST /api/v1/auth/magasin/logout [33m404[0m 0.762 ms - 29[0m
[0mPOST /api/v1/auth/magasin/logout [33m404[0m 0.586 ms - 29[0m
[0mPOST /api/v1/auth/magasin/logout [33m404[0m 0.388 ms - 29[0m
[0mPOST /api/v1/auth/magasin/logout [33m404[0m 0.365 ms - 29[0m
[0mPOST /api/v1/auth/magasin/logout [33m404[0m 0.325 ms - 29[0m
[0mPOST /api/v1/auth/magasin/logout [33m404[0m 0.337 ms - 29[0m
[0mPOST /api/v1/auth/magasin/logout [33m404[0m 0.358 ms - 29[0m
[0mPOST /api/v1/auth/magasin/logout [33m404[0m 0.489 ms - 29[0m
[0mPOST /api/v1/auth/magasin/logout [33m404[0m 0.348 ms - 29[0m
[0mGET /api/v1/categories/ [36m304[0m 219.116 ms - -[0m
[0mGET /api/v1/magasin/?num=4 [36m304[0m 218.965 ms - -[0m
[0mGET /api/v1/service/ [36m304[0m 218.565 ms - -[0m
[0mGET /api/v1/categories/ [36m304[0m 194.590 ms - -[0m
[0mGET /api/v1/magasin/?num=4 [36m304[0m 195.091 ms - -[0m
[0mGET /api/v1/service/ [36m304[0m 195.135 ms - -[0m
[0mGET /api/v1/categories/ [36m304[0m 159.088 ms - -[0m
[0mGET /api/v1/categories/ [36m304[0m 224.308 ms - -[0m
[0mPOST /api/v1/auth/user/login [33m400[0m 233.099 ms - 43[0m
[0mPOST /api/v1/auth/user/login [33m400[0m 245.083 ms - 43[0m
[0mPOST /api/v1/auth/magasin/login [32m200[0m 400.444 ms - 516[0m
[0mPOST /api/v1/auth/user/login [33m400[0m 207.341 ms - 43[0m
[0mPOST /api/v1/auth/user/login [33m400[0m 160.413 ms - 43[0m
[0mPOST /api/v1/auth/user/login [33m400[0m 228.167 ms - 43[0m
[0mPOST /api/v1/auth/user/login [32m200[0m 422.667 ms - 272[0m
[0mPOST /api/v1/auth/user/login [32m200[0m 333.044 ms - 272[0m
[0mGET /api/v1/categories/ [36m304[0m 175.351 ms - -[0m
[0mGET /api/v1/categories/ [36m304[0m 181.641 ms - -[0m
[0mGET /api/v1/categories/ [36m304[0m 176.959 ms - -[0m
[0mGET /api/v1/service/ [36m304[0m 163.452 ms - -[0m
[0mGET /api/v1/magasin/?num=4 [36m304[0m 218.747 ms - -[0m
[0mGET /api/v1/categories/ [36m304[0m 200.335 ms - -[0m
[0mGET /api/v1/service/ [36m304[0m 156.333 ms - -[0m
[0mGET /api/v1/magasin/?num=4 [36m304[0m 159.438 ms - -[0m
[0mGET /api/v1/categories/ [36m304[0m 193.950 ms - -[0m
[0mGET /api/v1/categories/ [36m304[0m 381.943 ms - -[0m
[0mGET /api/v1/categories/ [36m304[0m 233.636 ms - -[0m
[0mGET /api/v1/magasin/?num=4 [36m304[0m 183.611 ms - -[0m
[0mGET /api/v1/service/ [36m304[0m 174.332 ms - -[0m
[0mGET /api/v1/categories/ [36m304[0m 227.311 ms - -[0m
[0mGET /api/v1/service/ [36m304[0m 224.786 ms - -[0m
[0mGET /api/v1/magasin/?num=4 [36m304[0m 235.393 ms - -[0m
[0mGET /api/v1/categories/ [36m304[0m 190.405 ms - -[0m
[0mGET /api/v1/categories/ [36m304[0m 243.344 ms - -[0m
[0mGET /api/v1/categories/ [36m304[0m 199.816 ms - -[0m
[0mGET /api/v1/service/id/6588a5307dcafb7576404b57 [36m304[0m 196.306 ms - -[0m
[0mGET /api/v1/magasin/infos [33m400[0m 181.488 ms - 22[0m
[0mGET /api/v1/magasin/infos [33m400[0m 183.751 ms - 22[0m
[0mGET /api/v1/service/id/6588a5307dcafb7576404b57 [36m304[0m 190.862 ms - -[0m
[0mGET /api/v1/categories/ [36m304[0m 198.451 ms - -[0m
[0mGET /api/v1/magasin/infos?magasinId=658825fa7dcafb7576404b1b [32m201[0m 176.271 ms - 140[0m
[0mGET /api/v1/service/id/6588a5307dcafb7576404b57 [36m304[0m 166.439 ms - -[0m
[0mGET /api/v1/categories/ [36m304[0m 174.633 ms - -[0m
[0mGET /api/v1/service/id/6588a5307dcafb7576404b57 [36m304[0m 194.776 ms - -[0m
[0mGET /api/v1/magasin/services?magasinId=658825fa7dcafb7576404b1b [32m201[0m 367.407 ms - 118[0m
[0mGET /api/v1/categories/ [36m304[0m 192.137 ms - -[0m
[0mGET /api/v1/magasin/services?magasinId=658825fa7dcafb7576404b1b [32m201[0m 401.304 ms - 118[0m
[0mGET /api/v1/magasin/services?magasinId=658825fa7dcafb7576404b1b [32m201[0m 370.232 ms - 118[0m
[0mGET /api/v1/magasin/services?magasinId=658825fa7dcafb7576404b1b [32m201[0m 380.206 ms - 118[0m
[0mGET /api/v1/categories/ [36m304[0m 158.678 ms - -[0m
[0mGET /api/v1/magasin/?num=4 [36m304[0m 166.586 ms - -[0m
[0mGET /api/v1/categories/ [36m304[0m 146.798 ms - -[0m
[0mGET /api/v1/magasin/?num=4 [36m304[0m 146.274 ms - -[0m
[0mGET /api/v1/categories/ [36m304[0m 162.308 ms - -[0m
[0mGET /api/v1/categories/ [36m304[0m 140.507 ms - -[0m
[0mGET /api/v1/service/ [36m304[0m 742.762 ms - -[0m
[0mGET /api/v1/service/ [36m304[0m 142.830 ms - -[0m
[0mGET /api/v1/categories/ [36m304[0m 948.932 ms - -[0m
[0mGET /api/v1/magasin/?num=4 [36m304[0m 995.376 ms - -[0m
[0mGET /api/v1/categories/ [36m304[0m 242.343 ms - -[0m
[0mGET /api/v1/magasin/?num=4 [36m304[0m 195.776 ms - -[0m
[0mGET /api/v1/categories/ [36m304[0m 175.609 ms - -[0m
[0mGET /api/v1/categories/ [36m304[0m 177.212 ms - -[0m
[0mGET /api/v1/service/ [36m304[0m 1876.530 ms - -[0m
[0mGET /api/v1/service/ [36m304[0m 167.963 ms - -[0m
